#
# There is insufficient memory for the Java Runtime Environment to continue.
# Native memory allocation (mmap) failed to map 55574528 bytes for Failed to commit area from 0x0000000090800000 to 0x0000000093d00000 of length 55574528.
# Possible reasons:
#   The system is out of physical RAM or swap space
#   The process is running with CompressedOops enabled, and the Java Heap may be blocking the growth of the native heap
# Possible solutions:
#   Reduce memory load on the system
#   Increase physical memory or swap space
#   Check if swap backing store is full
#   Decrease Java heap size (-Xmx/-Xms)
#   Decrease number of Java threads
#   Decrease Java thread stack sizes (-Xss)
#   Set larger code cache with -XX:ReservedCodeCacheSize=
#   JVM is running with Unscaled Compressed Oops mode in which the Java heap is
#     placed in the first 4GB address space. The Java Heap base address is the
#     maximum limit for the native heap growth. Please use -XX:HeapBaseMinAddress
#     to set the Java Heap base and to place the Java Heap above 4GB virtual address.
# This output file may be truncated or incomplete.
#
#  Out of Memory Error (./src/hotspot/os/windows/os_windows.cpp:3301), pid=11844, tid=4208
#
# JRE version: OpenJDK Runtime Environment (11.0.11+9) (build 11.0.11+9-b60-7590822)
# Java VM: OpenJDK 64-Bit Server VM (11.0.11+9-b60-7590822, mixed mode, tiered, compressed oops, g1 gc, windows-amd64)
# No core dump will be written. Minidumps are not enabled by default on client versions of Windows
#

---------------  S U M M A R Y ------------

Command Line: --add-opens=java.base/java.util=ALL-UNNAMED --add-opens=java.base/java.lang=ALL-UNNAMED --add-opens=java.base/java.lang.invoke=ALL-UNNAMED --add-opens=java.prefs/java.util.prefs=ALL-UNNAMED -Xmx2048m -Dfile.encoding=UTF-8 -Duser.country=CN -Duser.language=zh -Duser.variant org.gradle.launcher.daemon.bootstrap.GradleDaemon 6.8

Host: Intel(R) Core(TM) i7-8565U CPU @ 1.80GHz, 8 cores, 7G,  Windows 10 , 64 bit Build 19041 (10.0.19041.1566)
Time: Fri Dec  2 14:31:15 2022 中国标准时间 elapsed time: 83.661935 seconds (0d 0h 1m 23s)

---------------  T H R E A D  ---------------

Current thread (0x0000029abc62c800):  VMThread "VM Thread" [stack: 0x000000cf61200000,0x000000cf61300000] [id=4208]

Stack: [0x000000cf61200000,0x000000cf61300000]
[error occurred during error reporting (printing stack bounds), id 0xc0000005, EXCEPTION_ACCESS_VIOLATION (0xc0000005) at pc=0x0000029aa5ca0f2d]

Native frames: (J=compiled Java code, j=interpreted, Vv=VM code, C=native code)
V  [jvm.dll+0x5f214a]
V  [jvm.dll+0x726fb5]
V  [jvm.dll+0x7285cd]
V  [jvm.dll+0x728be5]
V  [jvm.dll+0x728b9b]
V  [jvm.dll+0x5f14e8]
V  [jvm.dll+0x5f1c78]
C  [ntdll.dll+0xa20cf]
C  [ntdll.dll+0x51454]
C  [ntdll.dll+0xa0bfe]
C  0x0000029aa5ca0f2d

VM_Operation (0x000000cf697fe210): G1CollectForAllocation, mode: safepoint, requested by thread 0x0000029ac772a000


---------------  P R O C E S S  ---------------

Threads class SMR info:
_java_thread_list=0x0000029ac3dc98e0, length=124, elements={
0x0000029aa21a1800, 0x0000029abc62e800, 0x0000029abc630000, 0x0000029abcea4000,
0x0000029abcea5000, 0x0000029abcea7000, 0x0000029abceac000, 0x0000029abcead000,
0x0000029abceb1800, 0x0000029abd02b000, 0x0000029abf46a000, 0x0000029abd19a800,
0x0000029abf0d3800, 0x0000029abf04e000, 0x0000029abf636800, 0x0000029abe814800,
0x0000029abe816800, 0x0000029abe798000, 0x0000029abf6d7000, 0x0000029abf6d5000,
0x0000029abf6d9800, 0x0000029abf6db800, 0x0000029abf6d8000, 0x0000029ac0772000,
0x0000029ac0773000, 0x0000029ac076d000, 0x0000029ac0773800, 0x0000029ac076e000,
0x0000029ac077a000, 0x0000029ac0774800, 0x0000029ac0776000, 0x0000029ac0775000,
0x0000029ac0778800, 0x0000029ac077b800, 0x0000029ac077b000, 0x0000029ac0779800,
0x0000029ac38dc000, 0x0000029ac38dd000, 0x0000029ac38d9800, 0x0000029ac38db800,
0x0000029abdd39000, 0x0000029abd089000, 0x0000029ac38da800, 0x0000029ac38e2000,
0x0000029ac38e2800, 0x0000029ac38df800, 0x0000029ac38de800, 0x0000029ac38e3800,
0x0000029ac38e0000, 0x0000029ac38e1000, 0x0000029ac38de000, 0x0000029ac38e8800,
0x0000029ac38e5000, 0x0000029ac38e4800, 0x0000029ac38e6000, 0x0000029ac38e7000,
0x0000029ac38e7800, 0x0000029abf6d5800, 0x0000029abf6d6800, 0x0000029abf6da800,
0x0000029abf6d9000, 0x0000029ac076f800, 0x0000029ac076e800, 0x0000029ac0770800,
0x0000029ac0771000, 0x0000029acb79d000, 0x0000029acb79a800, 0x0000029acb79f800,
0x0000029acb79e800, 0x0000029acb79e000, 0x0000029acb7a0000, 0x0000029acb7a1000,
0x0000029acb79b800, 0x0000029acb7a2000, 0x0000029acb79c000, 0x0000029acb7a2800,
0x0000029acb7a7000, 0x0000029acb7a6000, 0x0000029acb7a7800, 0x0000029acb7a5000,
0x0000029acb7a8800, 0x0000029acb7a3800, 0x0000029acb7a9000, 0x0000029acb7a4800,
0x0000029ac291b000, 0x0000029ac2917000, 0x0000029ac291a000, 0x0000029ac2918800,
0x0000029ac2915800, 0x0000029ac291c000, 0x0000029ac2916000, 0x0000029ac291c800,
0x0000029ac291d800, 0x0000029ac2918000, 0x0000029ac291e800, 0x0000029ac291f000,
0x0000029ac2919800, 0x0000029ac2920000, 0x0000029ac2921000, 0x0000029ac2924000,
0x0000029ac2921800, 0x0000029ac2923000, 0x0000029ac2922800, 0x0000029ac67f7800,
0x0000029ac67f8000, 0x0000029ac67fd000, 0x0000029ac67fa000, 0x0000029ac67fe000,
0x0000029ac67fc800, 0x0000029ac67fe800, 0x0000029ac67f9000, 0x0000029ac67ff800,
0x0000029ac6800800, 0x0000029ac67fa800, 0x0000029ac6801000, 0x0000029ac67fb800,
0x0000029ac6804800, 0x0000029ac6802000, 0x0000029ac6803000, 0x0000029ac6803800,
0x0000029ac6805000, 0x0000029ac6806000, 0x0000029ac772a000, 0x0000029ac7726800
}

Java Threads: ( => current thread )
  0x0000029aa21a1800 JavaThread "main" [_thread_blocked, id=6996, stack(0x000000cf60c00000,0x000000cf60d00000)]
  0x0000029abc62e800 JavaThread "Reference Handler" daemon [_thread_blocked, id=11032, stack(0x000000cf61300000,0x000000cf61400000)]
  0x0000029abc630000 JavaThread "Finalizer" daemon [_thread_blocked, id=8884, stack(0x000000cf61400000,0x000000cf61500000)]
  0x0000029abcea4000 JavaThread "Signal Dispatcher" daemon [_thread_blocked, id=12272, stack(0x000000cf61500000,0x000000cf61600000)]
  0x0000029abcea5000 JavaThread "Attach Listener" daemon [_thread_blocked, id=12060, stack(0x000000cf61600000,0x000000cf61700000)]
  0x0000029abcea7000 JavaThread "Service Thread" daemon [_thread_blocked, id=11236, stack(0x000000cf61700000,0x000000cf61800000)]
  0x0000029abceac000 JavaThread "C2 CompilerThread0" daemon [_thread_in_native, id=11872, stack(0x000000cf61800000,0x000000cf61900000)]
  0x0000029abcead000 JavaThread "C1 CompilerThread0" daemon [_thread_blocked, id=8064, stack(0x000000cf61900000,0x000000cf61a00000)]
  0x0000029abceb1800 JavaThread "Sweeper thread" daemon [_thread_blocked, id=8552, stack(0x000000cf61a00000,0x000000cf61b00000)]
  0x0000029abd02b000 JavaThread "Common-Cleaner" daemon [_thread_blocked, id=9516, stack(0x000000cf61b00000,0x000000cf61c00000)]
  0x0000029abf46a000 JavaThread "Daemon health stats" [_thread_blocked, id=2564, stack(0x000000cf62100000,0x000000cf62200000)]
  0x0000029abd19a800 JavaThread "Incoming local TCP Connector on port 54549" [_thread_in_native, id=8848, stack(0x000000cf62200000,0x000000cf62300000)]
  0x0000029abf0d3800 JavaThread "Daemon periodic checks" [_thread_blocked, id=2460, stack(0x000000cf62900000,0x000000cf62a00000)]
  0x0000029abf04e000 JavaThread "Daemon" [_thread_blocked, id=4992, stack(0x000000cf62a00000,0x000000cf62b00000)]
  0x0000029abf636800 JavaThread "Handler for socket connection from /127.0.0.1:54549 to /127.0.0.1:54550" [_thread_in_native, id=8392, stack(0x000000cf62b00000,0x000000cf62c00000)]
  0x0000029abe814800 JavaThread "Cancel handler" [_thread_blocked, id=10400, stack(0x000000cf62c00000,0x000000cf62d00000)]
  0x0000029abe816800 JavaThread "Daemon worker" [_thread_in_native, id=7948, stack(0x000000cf62d00000,0x000000cf62e00000)]
  0x0000029abe798000 JavaThread "Asynchronous log dispatcher for DefaultDaemonConnection: socket connection from /127.0.0.1:54549 to /127.0.0.1:54550" [_thread_blocked, id=7340, stack(0x000000cf62e00000,0x000000cf62f00000)]
  0x0000029abf6d7000 JavaThread "Daemon client event forwarder" [_thread_blocked, id=7744, stack(0x000000cf63000000,0x000000cf63100000)]
  0x0000029abf6d5000 JavaThread "Cache worker for file hash cache (C:\Users\aizp\.gradle\caches\6.8\fileHashes)" [_thread_blocked, id=8264, stack(0x000000cf63100000,0x000000cf63200000)]
  0x0000029abf6d9800 JavaThread "File lock request listener" [_thread_in_native, id=12076, stack(0x000000cf63200000,0x000000cf63300000)]
  0x0000029abf6db800 JavaThread "Cache worker for journal cache (C:\Users\aizp\.gradle\caches\journal-1)" [_thread_blocked, id=1648, stack(0x000000cf62800000,0x000000cf62900000)]
  0x0000029abf6d8000 JavaThread "Cache worker for file hash cache (D:\aizp\dev\mine\MAPPStructure\.gradle\6.8\fileHashes)" [_thread_blocked, id=8380, stack(0x000000cf63700000,0x000000cf63800000)]
  0x0000029ac0772000 JavaThread "Cache worker for checksums cache (D:\aizp\dev\mine\MAPPStructure\.gradle\checksums)" [_thread_blocked, id=5200, stack(0x000000cf65300000,0x000000cf65400000)]
  0x0000029ac0773000 JavaThread "Cache worker for cache directory md-supplier (C:\Users\aizp\.gradle\caches\6.8\md-supplier)" [_thread_blocked, id=144, stack(0x000000cf65400000,0x000000cf65500000)]
  0x0000029ac076d000 JavaThread "Cache worker for cache directory md-rule (C:\Users\aizp\.gradle\caches\6.8\md-rule)" [_thread_blocked, id=8076, stack(0x000000cf65500000,0x000000cf65600000)]
  0x0000029ac0773800 JavaThread "Cache worker for execution history cache (C:\Users\aizp\.gradle\caches\6.8\executionHistory)" [_thread_blocked, id=1556, stack(0x000000cf65600000,0x000000cf65700000)]
  0x0000029ac076e000 JavaThread "Cache worker for file content cache (C:\Users\aizp\.gradle\caches\6.8\fileContent)" [_thread_blocked, id=8712, stack(0x000000cf65700000,0x000000cf65800000)]
  0x0000029ac077a000 JavaThread "Cache worker for Build Output Cleanup Cache (D:\aizp\dev\mine\MAPPStructure\.gradle\buildOutputCleanup)" [_thread_blocked, id=7240, stack(0x000000cf65800000,0x000000cf65900000)]
  0x0000029ac0774800 JavaThread "Build operations" [_thread_blocked, id=4172, stack(0x000000cf65900000,0x000000cf65a00000)]
  0x0000029ac0776000 JavaThread "Build operations Thread 2" [_thread_blocked, id=9356, stack(0x000000cf65a00000,0x000000cf65b00000)]
  0x0000029ac0775000 JavaThread "Build operations Thread 3" [_thread_blocked, id=8932, stack(0x000000cf65b00000,0x000000cf65c00000)]
  0x0000029ac0778800 JavaThread "Build operations Thread 4" [_thread_blocked, id=10224, stack(0x000000cf65c00000,0x000000cf65d00000)]
  0x0000029ac077b800 JavaThread "Build operations Thread 5" [_thread_blocked, id=4160, stack(0x000000cf65d00000,0x000000cf65e00000)]
  0x0000029ac077b000 JavaThread "Build operations Thread 6" [_thread_blocked, id=6160, stack(0x000000cf65e00000,0x000000cf65f00000)]
  0x0000029ac0779800 JavaThread "Build operations Thread 7" [_thread_blocked, id=3684, stack(0x000000cf65f00000,0x000000cf66000000)]
  0x0000029ac38dc000 JavaThread "Build operations Thread 8" [_thread_blocked, id=2484, stack(0x000000cf66000000,0x000000cf66100000)]
  0x0000029ac38dd000 JavaThread "File lock release action executor" [_thread_blocked, id=11296, stack(0x000000cf65200000,0x000000cf65300000)]
  0x0000029ac38d9800 JavaThread "jar transforms Thread 27" [_thread_blocked, id=6464, stack(0x000000cf60900000,0x000000cf60a00000)]
  0x0000029ac38db800 JavaThread "jar transforms Thread 28" [_thread_blocked, id=2060, stack(0x000000cf60a00000,0x000000cf60b00000)]
  0x0000029abdd39000 JavaThread "C2 CompilerThread1" daemon [_thread_blocked, id=2772, stack(0x000000cf60b00000,0x000000cf60c00000)]
  0x0000029abd089000 JavaThread "C2 CompilerThread2" daemon [_thread_in_native, id=10516, stack(0x000000cf62f00000,0x000000cf63000000)]
  0x0000029ac38da800 JavaThread "jar transforms Thread 29" [_thread_blocked, id=1860, stack(0x000000cf63800000,0x000000cf63900000)]
  0x0000029ac38e2000 JavaThread "jar transforms Thread 30" [_thread_blocked, id=10688, stack(0x000000cf63900000,0x000000cf63a00000)]
  0x0000029ac38e2800 JavaThread "jar transforms Thread 31" [_thread_blocked, id=7564, stack(0x000000cf63a00000,0x000000cf63b00000)]
  0x0000029ac38df800 JavaThread "jar transforms Thread 32" [_thread_blocked, id=9736, stack(0x000000cf63b00000,0x000000cf63c00000)]
  0x0000029ac38de800 JavaThread "jar transforms Thread 33" [_thread_blocked, id=9528, stack(0x000000cf63c00000,0x000000cf63d00000)]
  0x0000029ac38e3800 JavaThread "jar transforms Thread 34" [_thread_blocked, id=4568, stack(0x000000cf63d00000,0x000000cf63e00000)]
  0x0000029ac38e0000 JavaThread "jar transforms Thread 35" [_thread_blocked, id=3008, stack(0x000000cf63e00000,0x000000cf63f00000)]
  0x0000029ac38e1000 JavaThread "jar transforms Thread 36" [_thread_blocked, id=4252, stack(0x000000cf63f00000,0x000000cf64000000)]
  0x0000029ac38de000 JavaThread "jar transforms Thread 37" [_thread_blocked, id=6504, stack(0x000000cf64000000,0x000000cf64100000)]
  0x0000029ac38e8800 JavaThread "jar transforms Thread 38" [_thread_blocked, id=5752, stack(0x000000cf64100000,0x000000cf64200000)]
  0x0000029ac38e5000 JavaThread "jar transforms Thread 39" [_thread_blocked, id=11276, stack(0x000000cf64200000,0x000000cf64300000)]
  0x0000029ac38e4800 JavaThread "jar transforms Thread 40" [_thread_blocked, id=8, stack(0x000000cf64300000,0x000000cf64400000)]
  0x0000029ac38e6000 JavaThread "jar transforms Thread 41" [_thread_blocked, id=3284, stack(0x000000cf64400000,0x000000cf64500000)]
  0x0000029ac38e7000 JavaThread "jar transforms Thread 42" [_thread_blocked, id=8744, stack(0x000000cf64500000,0x000000cf64600000)]
  0x0000029ac38e7800 JavaThread "jar transforms Thread 43" [_thread_blocked, id=8304, stack(0x000000cf64600000,0x000000cf64700000)]
  0x0000029abf6d5800 JavaThread "jar transforms Thread 44" [_thread_blocked, id=9248, stack(0x000000cf64700000,0x000000cf64800000)]
  0x0000029abf6d6800 JavaThread "jar transforms Thread 45" [_thread_blocked, id=12164, stack(0x000000cf64800000,0x000000cf64900000)]
  0x0000029abf6da800 JavaThread "jar transforms Thread 46" [_thread_blocked, id=8004, stack(0x000000cf64900000,0x000000cf64a00000)]
  0x0000029abf6d9000 JavaThread "jar transforms Thread 47" [_thread_blocked, id=2660, stack(0x000000cf64a00000,0x000000cf64b00000)]
  0x0000029ac076f800 JavaThread "jar transforms Thread 48" [_thread_blocked, id=10404, stack(0x000000cf64b00000,0x000000cf64c00000)]
  0x0000029ac076e800 JavaThread "jar transforms Thread 49" [_thread_blocked, id=5680, stack(0x000000cf64c00000,0x000000cf64d00000)]
  0x0000029ac0770800 JavaThread "jar transforms Thread 50" [_thread_blocked, id=2208, stack(0x000000cf64d00000,0x000000cf64e00000)]
  0x0000029ac0771000 JavaThread "jar transforms Thread 51" [_thread_blocked, id=8328, stack(0x000000cf64e00000,0x000000cf64f00000)]
  0x0000029acb79d000 JavaThread "jar transforms Thread 52" [_thread_blocked, id=12172, stack(0x000000cf64f00000,0x000000cf65000000)]
  0x0000029acb79a800 JavaThread "jar transforms Thread 53" [_thread_blocked, id=10980, stack(0x000000cf65000000,0x000000cf65100000)]
  0x0000029acb79f800 JavaThread "jar transforms Thread 54" [_thread_blocked, id=5364, stack(0x000000cf65100000,0x000000cf65200000)]
  0x0000029acb79e800 JavaThread "jar transforms Thread 55" [_thread_blocked, id=10808, stack(0x000000cf66100000,0x000000cf66200000)]
  0x0000029acb79e000 JavaThread "jar transforms Thread 56" [_thread_blocked, id=2908, stack(0x000000cf66200000,0x000000cf66300000)]
  0x0000029acb7a0000 JavaThread "jar transforms Thread 57" [_thread_blocked, id=2420, stack(0x000000cf66300000,0x000000cf66400000)]
  0x0000029acb7a1000 JavaThread "jar transforms Thread 58" [_thread_blocked, id=4312, stack(0x000000cf66400000,0x000000cf66500000)]
  0x0000029acb79b800 JavaThread "jar transforms Thread 59" [_thread_blocked, id=9644, stack(0x000000cf66500000,0x000000cf66600000)]
  0x0000029acb7a2000 JavaThread "jar transforms Thread 60" [_thread_blocked, id=10532, stack(0x000000cf66600000,0x000000cf66700000)]
  0x0000029acb79c000 JavaThread "jar transforms Thread 61" [_thread_blocked, id=5700, stack(0x000000cf66700000,0x000000cf66800000)]
  0x0000029acb7a2800 JavaThread "jar transforms Thread 62" [_thread_blocked, id=4020, stack(0x000000cf66800000,0x000000cf66900000)]
  0x0000029acb7a7000 JavaThread "jar transforms Thread 63" [_thread_blocked, id=11280, stack(0x000000cf66900000,0x000000cf66a00000)]
  0x0000029acb7a6000 JavaThread "jar transforms Thread 64" [_thread_blocked, id=10568, stack(0x000000cf66a00000,0x000000cf66b00000)]
  0x0000029acb7a7800 JavaThread "jar transforms Thread 65" [_thread_blocked, id=10672, stack(0x000000cf66b00000,0x000000cf66c00000)]
  0x0000029acb7a5000 JavaThread "jar transforms Thread 66" [_thread_blocked, id=7096, stack(0x000000cf66c00000,0x000000cf66d00000)]
  0x0000029acb7a8800 JavaThread "jar transforms Thread 67" [_thread_blocked, id=9820, stack(0x000000cf66d00000,0x000000cf66e00000)]
  0x0000029acb7a3800 JavaThread "jar transforms Thread 68" [_thread_blocked, id=1896, stack(0x000000cf66e00000,0x000000cf66f00000)]
  0x0000029acb7a9000 JavaThread "jar transforms Thread 69" [_thread_blocked, id=7736, stack(0x000000cf66f00000,0x000000cf67000000)]
  0x0000029acb7a4800 JavaThread "jar transforms Thread 70" [_thread_blocked, id=2300, stack(0x000000cf67000000,0x000000cf67100000)]
  0x0000029ac291b000 JavaThread "jar transforms Thread 71" [_thread_blocked, id=3176, stack(0x000000cf67100000,0x000000cf67200000)]
  0x0000029ac2917000 JavaThread "jar transforms Thread 72" [_thread_blocked, id=3180, stack(0x000000cf67200000,0x000000cf67300000)]
  0x0000029ac291a000 JavaThread "jar transforms Thread 73" [_thread_blocked, id=3892, stack(0x000000cf67300000,0x000000cf67400000)]
  0x0000029ac2918800 JavaThread "jar transforms Thread 74" [_thread_blocked, id=5424, stack(0x000000cf67400000,0x000000cf67500000)]
  0x0000029ac2915800 JavaThread "jar transforms Thread 75" [_thread_blocked, id=632, stack(0x000000cf67500000,0x000000cf67600000)]
  0x0000029ac291c000 JavaThread "jar transforms Thread 76" [_thread_blocked, id=3452, stack(0x000000cf67600000,0x000000cf67700000)]
  0x0000029ac2916000 JavaThread "jar transforms Thread 77" [_thread_blocked, id=8812, stack(0x000000cf67700000,0x000000cf67800000)]
  0x0000029ac291c800 JavaThread "jar transforms Thread 78" [_thread_blocked, id=9136, stack(0x000000cf67800000,0x000000cf67900000)]
  0x0000029ac291d800 JavaThread "jar transforms Thread 79" [_thread_blocked, id=3860, stack(0x000000cf67900000,0x000000cf67a00000)]
  0x0000029ac2918000 JavaThread "jar transforms Thread 80" [_thread_blocked, id=11652, stack(0x000000cf67a00000,0x000000cf67b00000)]
  0x0000029ac291e800 JavaThread "jar transforms Thread 81" [_thread_blocked, id=596, stack(0x000000cf67b00000,0x000000cf67c00000)]
  0x0000029ac291f000 JavaThread "jar transforms Thread 82" [_thread_blocked, id=4920, stack(0x000000cf67c00000,0x000000cf67d00000)]
  0x0000029ac2919800 JavaThread "jar transforms Thread 83" [_thread_blocked, id=10736, stack(0x000000cf67d00000,0x000000cf67e00000)]
  0x0000029ac2920000 JavaThread "jar transforms Thread 84" [_thread_blocked, id=2948, stack(0x000000cf67e00000,0x000000cf67f00000)]
  0x0000029ac2921000 JavaThread "jar transforms Thread 85" [_thread_blocked, id=9916, stack(0x000000cf67f00000,0x000000cf68000000)]
  0x0000029ac2924000 JavaThread "jar transforms Thread 86" [_thread_blocked, id=3340, stack(0x000000cf68000000,0x000000cf68100000)]
  0x0000029ac2921800 JavaThread "jar transforms Thread 87" [_thread_blocked, id=1892, stack(0x000000cf68100000,0x000000cf68200000)]
  0x0000029ac2923000 JavaThread "jar transforms Thread 88" [_thread_blocked, id=11436, stack(0x000000cf68200000,0x000000cf68300000)]
  0x0000029ac2922800 JavaThread "jar transforms Thread 89" [_thread_blocked, id=2704, stack(0x000000cf68300000,0x000000cf68400000)]
  0x0000029ac67f7800 JavaThread "jar transforms Thread 90" [_thread_blocked, id=6832, stack(0x000000cf68400000,0x000000cf68500000)]
  0x0000029ac67f8000 JavaThread "jar transforms Thread 91" [_thread_blocked, id=4772, stack(0x000000cf68500000,0x000000cf68600000)]
  0x0000029ac67fd000 JavaThread "jar transforms Thread 92" [_thread_blocked, id=3548, stack(0x000000cf68600000,0x000000cf68700000)]
  0x0000029ac67fa000 JavaThread "jar transforms Thread 93" [_thread_blocked, id=10036, stack(0x000000cf68700000,0x000000cf68800000)]
  0x0000029ac67fe000 JavaThread "jar transforms Thread 94" [_thread_blocked, id=10820, stack(0x000000cf68800000,0x000000cf68900000)]
  0x0000029ac67fc800 JavaThread "jar transforms Thread 95" [_thread_blocked, id=11880, stack(0x000000cf68900000,0x000000cf68a00000)]
  0x0000029ac67fe800 JavaThread "jar transforms Thread 96" [_thread_blocked, id=11656, stack(0x000000cf68a00000,0x000000cf68b00000)]
  0x0000029ac67f9000 JavaThread "jar transforms Thread 97" [_thread_blocked, id=2332, stack(0x000000cf68b00000,0x000000cf68c00000)]
  0x0000029ac67ff800 JavaThread "jar transforms Thread 98" [_thread_blocked, id=11224, stack(0x000000cf68c00000,0x000000cf68d00000)]
  0x0000029ac6800800 JavaThread "jar transforms Thread 99" [_thread_blocked, id=10468, stack(0x000000cf68d00000,0x000000cf68e00000)]
  0x0000029ac67fa800 JavaThread "jar transforms Thread 100" [_thread_blocked, id=3364, stack(0x000000cf68e00000,0x000000cf68f00000)]
  0x0000029ac6801000 JavaThread "jar transforms Thread 101" [_thread_blocked, id=6024, stack(0x000000cf68f00000,0x000000cf69000000)]
  0x0000029ac67fb800 JavaThread "jar transforms Thread 102" [_thread_blocked, id=2000, stack(0x000000cf69000000,0x000000cf69100000)]
  0x0000029ac6804800 JavaThread "jar transforms Thread 103" [_thread_blocked, id=11108, stack(0x000000cf69100000,0x000000cf69200000)]
  0x0000029ac6802000 JavaThread "jar transforms Thread 104" [_thread_blocked, id=8348, stack(0x000000cf69200000,0x000000cf69300000)]
  0x0000029ac6803000 JavaThread "jar transforms Thread 105" [_thread_blocked, id=4880, stack(0x000000cf69300000,0x000000cf69400000)]
  0x0000029ac6803800 JavaThread "jar transforms Thread 106" [_thread_blocked, id=6416, stack(0x000000cf69400000,0x000000cf69500000)]
  0x0000029ac6805000 JavaThread "jar transforms Thread 107" [_thread_blocked, id=2328, stack(0x000000cf69500000,0x000000cf69600000)]
  0x0000029ac6806000 JavaThread "jar transforms Thread 108" [_thread_blocked, id=4824, stack(0x000000cf69600000,0x000000cf69700000)]
  0x0000029ac772a000 JavaThread "jar transforms Thread 109" [_thread_blocked, id=1712, stack(0x000000cf69700000,0x000000cf69800000)]
  0x0000029ac7726800 JavaThread "jar transforms Thread 110" [_thread_blocked, id=7004, stack(0x000000cf69800000,0x000000cf69900000)]

Other Threads:
=>0x0000029abc62c800 VMThread "VM Thread" [stack: 0x000000cf61200000,0x000000cf61300000] [id=4208]
  0x0000029abd08a000 WatcherThread [stack: 0x000000cf61c00000,0x000000cf61d00000] [id=4956]
  0x0000029aa21ba000 GCTaskThread "GC Thread#0" [stack: 0x000000cf60d00000,0x000000cf60e00000] [id=2936]
  0x0000029abd884000 GCTaskThread "GC Thread#1" [stack: 0x000000cf61e00000,0x000000cf61f00000] [id=11212]
  0x0000029abe062000 GCTaskThread "GC Thread#2" [stack: 0x000000cf61f00000,0x000000cf62000000] [id=9804]
  0x0000029abf9f9000 GCTaskThread "GC Thread#3" [stack: 0x000000cf62300000,0x000000cf62400000] [id=3280]
  0x0000029abf9fc000 GCTaskThread "GC Thread#4" [stack: 0x000000cf62400000,0x000000cf62500000] [id=4288]
  0x0000029abfacf800 GCTaskThread "GC Thread#5" [stack: 0x000000cf62500000,0x000000cf62600000] [id=9772]
  0x0000029abf434800 GCTaskThread "GC Thread#6" [stack: 0x000000cf63300000,0x000000cf63400000] [id=5036]
  0x0000029abfff5800 GCTaskThread "GC Thread#7" [stack: 0x000000cf63400000,0x000000cf63500000] [id=9108]
  0x0000029aa21ea800 ConcurrentGCThread "G1 Main Marker" [stack: 0x000000cf60e00000,0x000000cf60f00000] [id=5392]
  0x0000029aa21ee000 ConcurrentGCThread "G1 Conc#0" [stack: 0x000000cf60f00000,0x000000cf61000000] [id=10648]
  0x0000029ac0006800 ConcurrentGCThread "G1 Conc#1" [stack: 0x000000cf63500000,0x000000cf63600000] [id=10460]
  0x0000029abc48d800 ConcurrentGCThread "G1 Refine#0" [stack: 0x000000cf61000000,0x000000cf61100000] [id=4348]
  0x0000029abd8ce800 ConcurrentGCThread "G1 Refine#1" [stack: 0x000000cf62600000,0x000000cf62700000] [id=2092]
  0x0000029abeceb000 ConcurrentGCThread "G1 Refine#2" [stack: 0x000000cf62700000,0x000000cf62800000] [id=9092]
  0x0000029abc48e800 ConcurrentGCThread "G1 Young RemSet Sampling" [stack: 0x000000cf61100000,0x000000cf61200000] [id=5232]

Threads with active compile tasks:
C2 CompilerThread0  83686 8809       4       java.util.zip.ZipFile$Source::initCEN (658 bytes)
C1 CompilerThread0  83686 8849       3       org.apache.tools.zip.ZipOutputStream::createLocalFileHeader (320 bytes)
C2 CompilerThread2  83686 8777       4       org.objectweb.asm.ClassReader::readCode (5089 bytes)

VM state:at safepoint (normal execution)

VM Mutex/Monitor currently owned by a thread:  ([mutex/lock_event])
[0x0000029aa219edc0] Threads_lock - owner thread: 0x0000029abc62c800
[0x0000029aa219eaf0] Heap_lock - owner thread: 0x0000029ac772a000

Heap address: 0x0000000080000000, size: 2048 MB, Compressed Oops mode: 32-bit
Narrow klass base: 0x0000000000000000, Narrow klass shift: 3
Compressed class space size: 1073741824 Address: 0x0000000100000000

Heap:
 garbage-first heap   total 324608K, used 90357K [0x0000000080000000, 0x0000000100000000)
  region size 1024K, 10 young (10240K), 10 survivors (10240K)
 Metaspace       used 61184K, capacity 62703K, committed 63104K, reserved 1103872K
  class space    used 7446K, capacity 7964K, committed 8064K, reserved 1048576K
Heap Regions: E=young(eden), S=young(survivor), O=old, HS=humongous(starts), HC=humongous(continues), CS=collection set, F=free, A=archive, TAMS=top-at-mark-start (previous, next)
|   0|0x0000000080000000, 0x0000000080100000, 0x0000000080100000|100%| O|  |TAMS 0x0000000080100000, 0x0000000080000000| Untracked 
|   1|0x0000000080100000, 0x0000000080200000, 0x0000000080200000|100%| O|  |TAMS 0x0000000080200000, 0x0000000080100000| Untracked 
|   2|0x0000000080200000, 0x0000000080300000, 0x0000000080300000|100%| O|  |TAMS 0x0000000080300000, 0x0000000080200000| Untracked 
|   3|0x0000000080300000, 0x0000000080400000, 0x0000000080400000|100%|HS|  |TAMS 0x0000000080400000, 0x0000000080300000| Complete 
|   4|0x0000000080400000, 0x0000000080500000, 0x0000000080500000|100%|HC|  |TAMS 0x0000000080500000, 0x0000000080400000| Complete 
|   5|0x0000000080500000, 0x0000000080600000, 0x0000000080600000|100%|HC|  |TAMS 0x0000000080600000, 0x0000000080500000| Complete 
|   6|0x0000000080600000, 0x0000000080700000, 0x0000000080700000|100%| O|  |TAMS 0x0000000080700000, 0x0000000080600000| Untracked 
|   7|0x0000000080700000, 0x0000000080800000, 0x0000000080800000|100%| O|  |TAMS 0x0000000080800000, 0x0000000080700000| Untracked 
|   8|0x0000000080800000, 0x0000000080900000, 0x0000000080900000|100%| O|  |TAMS 0x0000000080900000, 0x0000000080800000| Untracked 
|   9|0x0000000080900000, 0x0000000080a00000, 0x0000000080a00000|100%| O|  |TAMS 0x0000000080a00000, 0x0000000080900000| Untracked 
|  10|0x0000000080a00000, 0x0000000080b00000, 0x0000000080b00000|100%| O|  |TAMS 0x0000000080b00000, 0x0000000080a00000| Untracked 
|  11|0x0000000080b00000, 0x0000000080c00000, 0x0000000080c00000|100%| O|  |TAMS 0x0000000080c00000, 0x0000000080b00000| Untracked 
|  12|0x0000000080c00000, 0x0000000080d00000, 0x0000000080d00000|100%| O|  |TAMS 0x0000000080d00000, 0x0000000080c00000| Untracked 
|  13|0x0000000080d00000, 0x0000000080e00000, 0x0000000080e00000|100%| O|  |TAMS 0x0000000080e00000, 0x0000000080d00000| Untracked 
|  14|0x0000000080e00000, 0x0000000080f00000, 0x0000000080f00000|100%| O|  |TAMS 0x0000000080f00000, 0x0000000080e00000| Untracked 
|  15|0x0000000080f00000, 0x0000000081000000, 0x0000000081000000|100%|HS|  |TAMS 0x0000000081000000, 0x0000000080f00000| Complete 
|  16|0x0000000081000000, 0x0000000081100000, 0x0000000081100000|100%|HC|  |TAMS 0x0000000081100000, 0x0000000081000000| Complete 
|  17|0x0000000081100000, 0x0000000081200000, 0x0000000081200000|100%|HS|  |TAMS 0x0000000081200000, 0x0000000081100000| Complete 
|  18|0x0000000081200000, 0x0000000081300000, 0x0000000081300000|100%|HC|  |TAMS 0x0000000081300000, 0x0000000081200000| Complete 
|  19|0x0000000081300000, 0x0000000081400000, 0x0000000081400000|100%|HC|  |TAMS 0x0000000081400000, 0x0000000081300000| Complete 
|  20|0x0000000081400000, 0x0000000081500000, 0x0000000081500000|100%|HS|  |TAMS 0x0000000081500000, 0x0000000081400000| Complete 
|  21|0x0000000081500000, 0x0000000081600000, 0x0000000081600000|100%|HC|  |TAMS 0x0000000081600000, 0x0000000081500000| Complete 
|  22|0x0000000081600000, 0x0000000081700000, 0x0000000081700000|100%|HC|  |TAMS 0x0000000081700000, 0x0000000081600000| Complete 
|  23|0x0000000081700000, 0x0000000081800000, 0x0000000081800000|100%|HC|  |TAMS 0x0000000081800000, 0x0000000081700000| Complete 
|  24|0x0000000081800000, 0x0000000081900000, 0x0000000081900000|100%| O|  |TAMS 0x0000000081900000, 0x0000000081800000| Untracked 
|  25|0x0000000081900000, 0x0000000081a00000, 0x0000000081a00000|100%| O|  |TAMS 0x0000000081a00000, 0x0000000081900000| Untracked 
|  26|0x0000000081a00000, 0x0000000081b00000, 0x0000000081b00000|100%| O|  |TAMS 0x0000000081b00000, 0x0000000081a00000| Untracked 
|  27|0x0000000081b00000, 0x0000000081c00000, 0x0000000081c00000|100%| O|  |TAMS 0x0000000081c00000, 0x0000000081b00000| Untracked 
|  28|0x0000000081c00000, 0x0000000081d00000, 0x0000000081d00000|100%|HS|  |TAMS 0x0000000081d00000, 0x0000000081c00000| Complete 
|  29|0x0000000081d00000, 0x0000000081e00000, 0x0000000081e00000|100%|HC|  |TAMS 0x0000000081e00000, 0x0000000081d00000| Complete 
|  30|0x0000000081e00000, 0x0000000081f00000, 0x0000000081f00000|100%|HC|  |TAMS 0x0000000081f00000, 0x0000000081e00000| Complete 
|  31|0x0000000081f00000, 0x0000000082000000, 0x0000000082000000|100%| O|  |TAMS 0x0000000082000000, 0x0000000081f00000| Untracked 
|  32|0x0000000082000000, 0x0000000082100000, 0x0000000082100000|100%| O|  |TAMS 0x0000000082100000, 0x0000000082000000| Untracked 
|  33|0x0000000082100000, 0x0000000082200000, 0x0000000082200000|100%| O|  |TAMS 0x0000000082200000, 0x0000000082100000| Untracked 
|  34|0x0000000082200000, 0x0000000082300000, 0x0000000082300000|100%| O|  |TAMS 0x0000000082300000, 0x0000000082200000| Untracked 
|  35|0x0000000082300000, 0x0000000082400000, 0x0000000082400000|100%| O|  |TAMS 0x0000000082400000, 0x0000000082300000| Untracked 
|  36|0x0000000082400000, 0x0000000082500000, 0x0000000082500000|100%| O|  |TAMS 0x0000000082500000, 0x0000000082400000| Untracked 
|  37|0x0000000082500000, 0x0000000082600000, 0x0000000082600000|100%| O|  |TAMS 0x0000000082600000, 0x0000000082500000| Untracked 
|  38|0x0000000082600000, 0x0000000082700000, 0x0000000082700000|100%|HS|  |TAMS 0x0000000082700000, 0x0000000082600000| Complete 
|  39|0x0000000082700000, 0x0000000082800000, 0x0000000082800000|100%|HC|  |TAMS 0x0000000082800000, 0x0000000082700000| Complete 
|  40|0x0000000082800000, 0x0000000082900000, 0x0000000082900000|100%|HC|  |TAMS 0x0000000082900000, 0x0000000082800000| Complete 
|  41|0x0000000082900000, 0x0000000082a00000, 0x0000000082a00000|100%|HC|  |TAMS 0x0000000082a00000, 0x0000000082900000| Complete 
|  42|0x0000000082a00000, 0x0000000082b00000, 0x0000000082b00000|100%| O|  |TAMS 0x0000000082b00000, 0x0000000082a00000| Untracked 
|  43|0x0000000082b00000, 0x0000000082c00000, 0x0000000082c00000|100%| O|  |TAMS 0x0000000082c00000, 0x0000000082b00000| Untracked 
|  44|0x0000000082c00000, 0x0000000082d00000, 0x0000000082d00000|100%| O|  |TAMS 0x0000000082d00000, 0x0000000082c00000| Untracked 
|  45|0x0000000082d00000, 0x0000000082e00000, 0x0000000082e00000|100%| O|  |TAMS 0x0000000082e00000, 0x0000000082d00000| Untracked 
|  46|0x0000000082e00000, 0x0000000082f00000, 0x0000000082f00000|100%| O|  |TAMS 0x0000000082f00000, 0x0000000082e00000| Untracked 
|  47|0x0000000082f00000, 0x0000000083000000, 0x0000000083000000|100%| O|  |TAMS 0x0000000083000000, 0x0000000082f00000| Untracked 
|  48|0x0000000083000000, 0x0000000083100000, 0x0000000083100000|100%| O|  |TAMS 0x0000000083100000, 0x0000000083000000| Untracked 
|  49|0x0000000083100000, 0x0000000083200000, 0x0000000083200000|100%| O|  |TAMS 0x0000000083200000, 0x0000000083100000| Untracked 
|  50|0x0000000083200000, 0x0000000083300000, 0x0000000083300000|100%| O|  |TAMS 0x0000000083300000, 0x0000000083200000| Untracked 
|  51|0x0000000083300000, 0x0000000083400000, 0x0000000083400000|100%| O|  |TAMS 0x0000000083400000, 0x0000000083300000| Untracked 
|  52|0x0000000083400000, 0x0000000083500000, 0x0000000083500000|100%| O|  |TAMS 0x0000000083500000, 0x0000000083400000| Untracked 
|  53|0x0000000083500000, 0x0000000083600000, 0x0000000083600000|100%| O|  |TAMS 0x0000000083600000, 0x0000000083500000| Untracked 
|  54|0x0000000083600000, 0x0000000083700000, 0x0000000083700000|100%| O|  |TAMS 0x0000000083700000, 0x0000000083600000| Untracked 
|  55|0x0000000083700000, 0x0000000083800000, 0x0000000083800000|100%| O|  |TAMS 0x0000000083800000, 0x0000000083700000| Untracked 
|  56|0x0000000083800000, 0x0000000083900000, 0x0000000083900000|100%| O|  |TAMS 0x0000000083900000, 0x0000000083800000| Untracked 
|  57|0x0000000083900000, 0x0000000083a00000, 0x0000000083a00000|100%| O|  |TAMS 0x0000000083a00000, 0x0000000083900000| Untracked 
|  58|0x0000000083a00000, 0x0000000083b00000, 0x0000000083b00000|100%| O|  |TAMS 0x0000000083b00000, 0x0000000083a00000| Untracked 
|  59|0x0000000083b00000, 0x0000000083c00000, 0x0000000083c00000|100%| O|  |TAMS 0x0000000083c00000, 0x0000000083b00000| Untracked 
|  60|0x0000000083c00000, 0x0000000083d00000, 0x0000000083d00000|100%| O|  |TAMS 0x0000000083d00000, 0x0000000083c00000| Untracked 
|  61|0x0000000083d00000, 0x0000000083e00000, 0x0000000083e00000|100%| O|  |TAMS 0x0000000083e00000, 0x0000000083d00000| Untracked 
|  62|0x0000000083e00000, 0x0000000083f00000, 0x0000000083f00000|100%| O|  |TAMS 0x0000000083f00000, 0x0000000083e00000| Untracked 
|  63|0x0000000083f00000, 0x0000000084000000, 0x0000000084000000|100%|HS|  |TAMS 0x0000000084000000, 0x0000000083f00000| Complete 
|  64|0x0000000084000000, 0x0000000084100000, 0x0000000084100000|100%|HC|  |TAMS 0x0000000084100000, 0x0000000084000000| Complete 
|  65|0x0000000084100000, 0x0000000084200000, 0x0000000084200000|100%|HC|  |TAMS 0x0000000084200000, 0x0000000084100000| Complete 
|  66|0x0000000084200000, 0x0000000084300000, 0x0000000084300000|100%| O|  |TAMS 0x0000000084300000, 0x0000000084200000| Untracked 
|  67|0x0000000084300000, 0x0000000084400000, 0x0000000084400000|100%| O|  |TAMS 0x0000000084400000, 0x0000000084300000| Untracked 
|  68|0x0000000084400000, 0x0000000084500000, 0x0000000084500000|100%| O|  |TAMS 0x0000000084500000, 0x0000000084400000| Untracked 
|  69|0x0000000084500000, 0x0000000084600000, 0x0000000084600000|100%| O|  |TAMS 0x000000008454ce00, 0x0000000084500000| Untracked 
|  70|0x0000000084600000, 0x0000000084700000, 0x0000000084700000|100%| O|  |TAMS 0x0000000084600000, 0x0000000084600000| Untracked 
|  71|0x0000000084700000, 0x0000000084800000, 0x0000000084800000|100%|HS|  |TAMS 0x0000000084700000, 0x0000000084700000| Complete 
|  72|0x0000000084800000, 0x0000000084900000, 0x0000000084900000|100%| O|  |TAMS 0x0000000084800000, 0x0000000084800000| Untracked 
|  73|0x0000000084900000, 0x0000000084a00000, 0x0000000084a00000|100%| O|  |TAMS 0x0000000084900000, 0x0000000084900000| Untracked 
|  74|0x0000000084a00000, 0x0000000084b00000, 0x0000000084b00000|100%| O|  |TAMS 0x0000000084a00000, 0x0000000084a00000| Untracked 
|  75|0x0000000084b00000, 0x0000000084b00000, 0x0000000084c00000|  0%| F|  |TAMS 0x0000000084b00000, 0x0000000084b00000| Untracked 
|  76|0x0000000084c00000, 0x0000000084c00000, 0x0000000084d00000|  0%| F|  |TAMS 0x0000000084c00000, 0x0000000084c00000| Untracked 
|  77|0x0000000084d00000, 0x0000000084d00000, 0x0000000084e00000|  0%| F|  |TAMS 0x0000000084d00000, 0x0000000084d00000| Untracked 
|  78|0x0000000084e00000, 0x0000000084e00000, 0x0000000084f00000|  0%| F|  |TAMS 0x0000000084e00000, 0x0000000084e00000| Untracked 
|  79|0x0000000084f00000, 0x0000000084f00000, 0x0000000085000000|  0%| F|  |TAMS 0x0000000084f00000, 0x0000000084f00000| Untracked 
|  80|0x0000000085000000, 0x0000000085100000, 0x0000000085100000|100%|HS|  |TAMS 0x0000000085000000, 0x0000000085000000| Complete 
|  81|0x0000000085100000, 0x0000000085200000, 0x0000000085200000|100%|HC|  |TAMS 0x0000000085100000, 0x0000000085100000| Complete 
|  82|0x0000000085200000, 0x0000000085300000, 0x0000000085300000|100%| O|  |TAMS 0x0000000085200000, 0x0000000085200000| Untracked 
|  83|0x0000000085300000, 0x000000008533f000, 0x0000000085400000| 24%| O|  |TAMS 0x0000000085300000, 0x0000000085300000| Untracked 
|  84|0x0000000085400000, 0x0000000085400000, 0x0000000085500000|  0%| F|  |TAMS 0x0000000085400000, 0x0000000085400000| Untracked 
|  85|0x0000000085500000, 0x0000000085500000, 0x0000000085600000|  0%| F|  |TAMS 0x0000000085500000, 0x0000000085500000| Untracked 
|  86|0x0000000085600000, 0x0000000085600000, 0x0000000085700000|  0%| F|  |TAMS 0x0000000085600000, 0x0000000085600000| Untracked 
|  87|0x0000000085700000, 0x0000000085700000, 0x0000000085800000|  0%| F|  |TAMS 0x0000000085700000, 0x0000000085700000| Untracked 
|  88|0x0000000085800000, 0x0000000085800000, 0x0000000085900000|  0%| F|  |TAMS 0x0000000085800000, 0x0000000085800000| Untracked 
|  89|0x0000000085900000, 0x0000000085900000, 0x0000000085a00000|  0%| F|  |TAMS 0x0000000085900000, 0x0000000085900000| Untracked 
|  90|0x0000000085a00000, 0x0000000085a00000, 0x0000000085b00000|  0%| F|  |TAMS 0x0000000085a00000, 0x0000000085a00000| Untracked 
|  91|0x0000000085b00000, 0x0000000085b00000, 0x0000000085c00000|  0%| F|  |TAMS 0x0000000085b00000, 0x0000000085b00000| Untracked 
|  92|0x0000000085c00000, 0x0000000085c00000, 0x0000000085d00000|  0%| F|  |TAMS 0x0000000085c00000, 0x0000000085c00000| Untracked 
|  93|0x0000000085d00000, 0x0000000085d00000, 0x0000000085e00000|  0%| F|  |TAMS 0x0000000085d00000, 0x0000000085d00000| Untracked 
|  94|0x0000000085e00000, 0x0000000085e00000, 0x0000000085f00000|  0%| F|  |TAMS 0x0000000085e00000, 0x0000000085e00000| Untracked 
|  95|0x0000000085f00000, 0x0000000085f00000, 0x0000000086000000|  0%| F|  |TAMS 0x0000000085f00000, 0x0000000085f00000| Untracked 
|  96|0x0000000086000000, 0x0000000086000000, 0x0000000086100000|  0%| F|  |TAMS 0x0000000086000000, 0x0000000086000000| Untracked 
|  97|0x0000000086100000, 0x0000000086100000, 0x0000000086200000|  0%| F|  |TAMS 0x0000000086100000, 0x0000000086100000| Untracked 
|  98|0x0000000086200000, 0x0000000086200000, 0x0000000086300000|  0%| F|  |TAMS 0x0000000086200000, 0x0000000086200000| Untracked 
|  99|0x0000000086300000, 0x0000000086300000, 0x0000000086400000|  0%| F|  |TAMS 0x0000000086300000, 0x0000000086300000| Untracked 
| 100|0x0000000086400000, 0x0000000086400000, 0x0000000086500000|  0%| F|  |TAMS 0x0000000086400000, 0x0000000086400000| Untracked 
| 101|0x0000000086500000, 0x0000000086500000, 0x0000000086600000|  0%| F|  |TAMS 0x0000000086500000, 0x0000000086500000| Untracked 
| 102|0x0000000086600000, 0x0000000086600000, 0x0000000086700000|  0%| F|  |TAMS 0x0000000086600000, 0x0000000086600000| Untracked 
| 103|0x0000000086700000, 0x0000000086700000, 0x0000000086800000|  0%| F|  |TAMS 0x0000000086700000, 0x0000000086700000| Untracked 
| 104|0x0000000086800000, 0x0000000086800000, 0x0000000086900000|  0%| F|  |TAMS 0x0000000086800000, 0x0000000086800000| Untracked 
| 105|0x0000000086900000, 0x0000000086900000, 0x0000000086a00000|  0%| F|  |TAMS 0x0000000086900000, 0x0000000086900000| Untracked 
| 106|0x0000000086a00000, 0x0000000086a00000, 0x0000000086b00000|  0%| F|  |TAMS 0x0000000086a00000, 0x0000000086a00000| Untracked 
| 107|0x0000000086b00000, 0x0000000086b00000, 0x0000000086c00000|  0%| F|  |TAMS 0x0000000086b00000, 0x0000000086b00000| Untracked 
| 108|0x0000000086c00000, 0x0000000086c00000, 0x0000000086d00000|  0%| F|  |TAMS 0x0000000086c00000, 0x0000000086c00000| Untracked 
| 109|0x0000000086d00000, 0x0000000086d00000, 0x0000000086e00000|  0%| F|  |TAMS 0x0000000086d00000, 0x0000000086d00000| Untracked 
| 110|0x0000000086e00000, 0x0000000086e00000, 0x0000000086f00000|  0%| F|  |TAMS 0x0000000086e00000, 0x0000000086e00000| Untracked 
| 111|0x0000000086f00000, 0x0000000086f00000, 0x0000000087000000|  0%| F|  |TAMS 0x0000000086f00000, 0x0000000086f00000| Untracked 
| 112|0x0000000087000000, 0x0000000087000000, 0x0000000087100000|  0%| F|  |TAMS 0x0000000087000000, 0x0000000087000000| Untracked 
| 113|0x0000000087100000, 0x0000000087100000, 0x0000000087200000|  0%| F|  |TAMS 0x0000000087100000, 0x0000000087100000| Untracked 
| 114|0x0000000087200000, 0x0000000087200000, 0x0000000087300000|  0%| F|  |TAMS 0x0000000087200000, 0x0000000087200000| Untracked 
| 115|0x0000000087300000, 0x0000000087300000, 0x0000000087400000|  0%| F|  |TAMS 0x0000000087300000, 0x0000000087300000| Untracked 
| 116|0x0000000087400000, 0x0000000087400000, 0x0000000087500000|  0%| F|  |TAMS 0x0000000087400000, 0x0000000087400000| Untracked 
| 117|0x0000000087500000, 0x0000000087500000, 0x0000000087600000|  0%| F|  |TAMS 0x0000000087500000, 0x0000000087500000| Untracked 
| 118|0x0000000087600000, 0x0000000087600000, 0x0000000087700000|  0%| F|  |TAMS 0x0000000087600000, 0x0000000087600000| Untracked 
| 119|0x0000000087700000, 0x0000000087700000, 0x0000000087800000|  0%| F|  |TAMS 0x0000000087700000, 0x0000000087700000| Untracked 
| 120|0x0000000087800000, 0x0000000087800000, 0x0000000087900000|  0%| F|  |TAMS 0x0000000087800000, 0x0000000087800000| Untracked 
| 121|0x0000000087900000, 0x0000000087900000, 0x0000000087a00000|  0%| F|  |TAMS 0x0000000087900000, 0x0000000087900000| Untracked 
| 122|0x0000000087a00000, 0x0000000087a00000, 0x0000000087b00000|  0%| F|  |TAMS 0x0000000087a00000, 0x0000000087a00000| Untracked 
| 123|0x0000000087b00000, 0x0000000087b00000, 0x0000000087c00000|  0%| F|  |TAMS 0x0000000087b00000, 0x0000000087b00000| Untracked 
| 124|0x0000000087c00000, 0x0000000087c00000, 0x0000000087d00000|  0%| F|  |TAMS 0x0000000087c00000, 0x0000000087c00000| Untracked 
| 125|0x0000000087d00000, 0x0000000087d00000, 0x0000000087e00000|  0%| F|  |TAMS 0x0000000087d00000, 0x0000000087d00000| Untracked 
| 126|0x0000000087e00000, 0x0000000087e00000, 0x0000000087f00000|  0%| F|  |TAMS 0x0000000087e00000, 0x0000000087e00000| Untracked 
| 127|0x0000000087f00000, 0x0000000087f00000, 0x0000000088000000|  0%| F|  |TAMS 0x0000000087f00000, 0x0000000087f00000| Untracked 
| 128|0x0000000088000000, 0x00000000880fe560, 0x0000000088100000| 99%| S|CS|TAMS 0x0000000088000000, 0x0000000088000000| Complete 
| 129|0x0000000088100000, 0x0000000088200000, 0x0000000088200000|100%| S|CS|TAMS 0x0000000088100000, 0x0000000088100000| Complete 
| 130|0x0000000088200000, 0x0000000088300000, 0x0000000088300000|100%| S|CS|TAMS 0x0000000088200000, 0x0000000088200000| Complete 
| 131|0x0000000088300000, 0x0000000088400000, 0x0000000088400000|100%| S|CS|TAMS 0x0000000088300000, 0x0000000088300000| Complete 
| 132|0x0000000088400000, 0x0000000088500000, 0x0000000088500000|100%| S|CS|TAMS 0x0000000088400000, 0x0000000088400000| Complete 
| 133|0x0000000088500000, 0x0000000088600000, 0x0000000088600000|100%| S|CS|TAMS 0x0000000088500000, 0x0000000088500000| Complete 
| 134|0x0000000088600000, 0x0000000088700000, 0x0000000088700000|100%| S|CS|TAMS 0x0000000088600000, 0x0000000088600000| Complete 
| 135|0x0000000088700000, 0x0000000088800000, 0x0000000088800000|100%| S|CS|TAMS 0x0000000088700000, 0x0000000088700000| Complete 
| 136|0x0000000088800000, 0x0000000088900000, 0x0000000088900000|100%| S|CS|TAMS 0x0000000088800000, 0x0000000088800000| Complete 
| 137|0x0000000088900000, 0x0000000088a00000, 0x0000000088a00000|100%| S|CS|TAMS 0x0000000088900000, 0x0000000088900000| Complete 
| 138|0x0000000088a00000, 0x0000000088a00000, 0x0000000088b00000|  0%| F|  |TAMS 0x0000000088a00000, 0x0000000088a00000| Untracked 
| 139|0x0000000088b00000, 0x0000000088b00000, 0x0000000088c00000|  0%| F|  |TAMS 0x0000000088b00000, 0x0000000088b00000| Untracked 
| 140|0x0000000088c00000, 0x0000000088c00000, 0x0000000088d00000|  0%| F|  |TAMS 0x0000000088c00000, 0x0000000088c00000| Untracked 
| 141|0x0000000088d00000, 0x0000000088d00000, 0x0000000088e00000|  0%| F|  |TAMS 0x0000000088d00000, 0x0000000088d00000| Untracked 
| 142|0x0000000088e00000, 0x0000000088e00000, 0x0000000088f00000|  0%| F|  |TAMS 0x0000000088e00000, 0x0000000088e00000| Untracked 
| 143|0x0000000088f00000, 0x0000000088f00000, 0x0000000089000000|  0%| F|  |TAMS 0x0000000088f00000, 0x0000000088f00000| Untracked 
| 144|0x0000000089000000, 0x0000000089000000, 0x0000000089100000|  0%| F|  |TAMS 0x0000000089000000, 0x0000000089000000| Untracked 
| 145|0x0000000089100000, 0x0000000089100000, 0x0000000089200000|  0%| F|  |TAMS 0x0000000089100000, 0x0000000089100000| Untracked 
| 146|0x0000000089200000, 0x0000000089200000, 0x0000000089300000|  0%| F|  |TAMS 0x0000000089200000, 0x0000000089200000| Untracked 
| 147|0x0000000089300000, 0x0000000089300000, 0x0000000089400000|  0%| F|  |TAMS 0x0000000089300000, 0x0000000089300000| Untracked 
| 148|0x0000000089400000, 0x0000000089400000, 0x0000000089500000|  0%| F|  |TAMS 0x0000000089400000, 0x0000000089400000| Untracked 
| 149|0x0000000089500000, 0x0000000089500000, 0x0000000089600000|  0%| F|  |TAMS 0x0000000089500000, 0x0000000089500000| Untracked 
| 150|0x0000000089600000, 0x0000000089600000, 0x0000000089700000|  0%| F|  |TAMS 0x0000000089600000, 0x0000000089600000| Untracked 
| 151|0x0000000089700000, 0x0000000089700000, 0x0000000089800000|  0%| F|  |TAMS 0x0000000089700000, 0x0000000089700000| Untracked 
| 152|0x0000000089800000, 0x0000000089800000, 0x0000000089900000|  0%| F|  |TAMS 0x0000000089800000, 0x0000000089800000| Untracked 
| 153|0x0000000089900000, 0x0000000089900000, 0x0000000089a00000|  0%| F|  |TAMS 0x0000000089900000, 0x0000000089900000| Untracked 
| 154|0x0000000089a00000, 0x0000000089a00000, 0x0000000089b00000|  0%| F|  |TAMS 0x0000000089a00000, 0x0000000089a00000| Untracked 
| 155|0x0000000089b00000, 0x0000000089b00000, 0x0000000089c00000|  0%| F|  |TAMS 0x0000000089b00000, 0x0000000089b00000| Untracked 
| 156|0x0000000089c00000, 0x0000000089c00000, 0x0000000089d00000|  0%| F|  |TAMS 0x0000000089c00000, 0x0000000089c00000| Untracked 
| 157|0x0000000089d00000, 0x0000000089d00000, 0x0000000089e00000|  0%| F|  |TAMS 0x0000000089d00000, 0x0000000089d00000| Untracked 
| 158|0x0000000089e00000, 0x0000000089e00000, 0x0000000089f00000|  0%| F|  |TAMS 0x0000000089e00000, 0x0000000089e00000| Untracked 
| 159|0x0000000089f00000, 0x0000000089f00000, 0x000000008a000000|  0%| F|  |TAMS 0x0000000089f00000, 0x0000000089f00000| Untracked 
| 160|0x000000008a000000, 0x000000008a000000, 0x000000008a100000|  0%| F|  |TAMS 0x000000008a000000, 0x000000008a000000| Untracked 
| 161|0x000000008a100000, 0x000000008a100000, 0x000000008a200000|  0%| F|  |TAMS 0x000000008a100000, 0x000000008a100000| Untracked 
| 162|0x000000008a200000, 0x000000008a200000, 0x000000008a300000|  0%| F|  |TAMS 0x000000008a200000, 0x000000008a200000| Untracked 
| 163|0x000000008a300000, 0x000000008a300000, 0x000000008a400000|  0%| F|  |TAMS 0x000000008a300000, 0x000000008a300000| Untracked 
| 164|0x000000008a400000, 0x000000008a400000, 0x000000008a500000|  0%| F|  |TAMS 0x000000008a400000, 0x000000008a400000| Untracked 
| 165|0x000000008a500000, 0x000000008a500000, 0x000000008a600000|  0%| F|  |TAMS 0x000000008a500000, 0x000000008a500000| Untracked 
| 166|0x000000008a600000, 0x000000008a600000, 0x000000008a700000|  0%| F|  |TAMS 0x000000008a600000, 0x000000008a600000| Untracked 
| 167|0x000000008a700000, 0x000000008a700000, 0x000000008a800000|  0%| F|  |TAMS 0x000000008a700000, 0x000000008a700000| Untracked 
| 168|0x000000008a800000, 0x000000008a800000, 0x000000008a900000|  0%| F|  |TAMS 0x000000008a800000, 0x000000008a800000| Untracked 
| 169|0x000000008a900000, 0x000000008a900000, 0x000000008aa00000|  0%| F|  |TAMS 0x000000008a900000, 0x000000008a900000| Untracked 
| 170|0x000000008aa00000, 0x000000008aa00000, 0x000000008ab00000|  0%| F|  |TAMS 0x000000008aa00000, 0x000000008aa00000| Untracked 
| 171|0x000000008ab00000, 0x000000008ab00000, 0x000000008ac00000|  0%| F|  |TAMS 0x000000008ab00000, 0x000000008ab00000| Untracked 
| 172|0x000000008ac00000, 0x000000008ac00000, 0x000000008ad00000|  0%| F|  |TAMS 0x000000008ac00000, 0x000000008ac00000| Untracked 
| 173|0x000000008ad00000, 0x000000008ad00000, 0x000000008ae00000|  0%| F|  |TAMS 0x000000008ad00000, 0x000000008ad00000| Untracked 
| 174|0x000000008ae00000, 0x000000008ae00000, 0x000000008af00000|  0%| F|  |TAMS 0x000000008ae00000, 0x000000008ae00000| Untracked 
| 175|0x000000008af00000, 0x000000008af00000, 0x000000008b000000|  0%| F|  |TAMS 0x000000008af00000, 0x000000008af00000| Untracked 
| 176|0x000000008b000000, 0x000000008b000000, 0x000000008b100000|  0%| F|  |TAMS 0x000000008b000000, 0x000000008b000000| Untracked 
| 177|0x000000008b100000, 0x000000008b100000, 0x000000008b200000|  0%| F|  |TAMS 0x000000008b100000, 0x000000008b100000| Untracked 
| 178|0x000000008b200000, 0x000000008b200000, 0x000000008b300000|  0%| F|  |TAMS 0x000000008b200000, 0x000000008b200000| Untracked 
| 179|0x000000008b300000, 0x000000008b300000, 0x000000008b400000|  0%| F|  |TAMS 0x000000008b300000, 0x000000008b300000| Untracked 
| 180|0x000000008b400000, 0x000000008b400000, 0x000000008b500000|  0%| F|  |TAMS 0x000000008b400000, 0x000000008b400000| Untracked 
| 181|0x000000008b500000, 0x000000008b500000, 0x000000008b600000|  0%| F|  |TAMS 0x000000008b500000, 0x000000008b500000| Untracked 
| 182|0x000000008b600000, 0x000000008b600000, 0x000000008b700000|  0%| F|  |TAMS 0x000000008b600000, 0x000000008b600000| Untracked 
| 183|0x000000008b700000, 0x000000008b700000, 0x000000008b800000|  0%| F|  |TAMS 0x000000008b700000, 0x000000008b700000| Untracked 
| 184|0x000000008b800000, 0x000000008b800000, 0x000000008b900000|  0%| F|  |TAMS 0x000000008b800000, 0x000000008b800000| Untracked 
| 185|0x000000008b900000, 0x000000008b900000, 0x000000008ba00000|  0%| F|  |TAMS 0x000000008b900000, 0x000000008b900000| Untracked 
| 186|0x000000008ba00000, 0x000000008ba00000, 0x000000008bb00000|  0%| F|  |TAMS 0x000000008ba00000, 0x000000008ba00000| Untracked 
| 187|0x000000008bb00000, 0x000000008bb00000, 0x000000008bc00000|  0%| F|  |TAMS 0x000000008bb00000, 0x000000008bb00000| Untracked 
| 188|0x000000008bc00000, 0x000000008bc00000, 0x000000008bd00000|  0%| F|  |TAMS 0x000000008bc00000, 0x000000008bc00000| Untracked 
| 189|0x000000008bd00000, 0x000000008bd00000, 0x000000008be00000|  0%| F|  |TAMS 0x000000008bd00000, 0x000000008bd00000| Untracked 
| 190|0x000000008be00000, 0x000000008be00000, 0x000000008bf00000|  0%| F|  |TAMS 0x000000008be00000, 0x000000008be00000| Untracked 
| 191|0x000000008bf00000, 0x000000008bf00000, 0x000000008c000000|  0%| F|  |TAMS 0x000000008bf00000, 0x000000008bf00000| Untracked 
| 192|0x000000008c000000, 0x000000008c000000, 0x000000008c100000|  0%| F|  |TAMS 0x000000008c000000, 0x000000008c000000| Untracked 
| 193|0x000000008c100000, 0x000000008c100000, 0x000000008c200000|  0%| F|  |TAMS 0x000000008c100000, 0x000000008c100000| Untracked 
| 194|0x000000008c200000, 0x000000008c200000, 0x000000008c300000|  0%| F|  |TAMS 0x000000008c200000, 0x000000008c200000| Untracked 
| 195|0x000000008c300000, 0x000000008c300000, 0x000000008c400000|  0%| F|  |TAMS 0x000000008c300000, 0x000000008c300000| Untracked 
| 196|0x000000008c400000, 0x000000008c400000, 0x000000008c500000|  0%| F|  |TAMS 0x000000008c400000, 0x000000008c400000| Untracked 
| 197|0x000000008c500000, 0x000000008c500000, 0x000000008c600000|  0%| F|  |TAMS 0x000000008c500000, 0x000000008c500000| Untracked 
| 198|0x000000008c600000, 0x000000008c600000, 0x000000008c700000|  0%| F|  |TAMS 0x000000008c600000, 0x000000008c600000| Untracked 
| 199|0x000000008c700000, 0x000000008c700000, 0x000000008c800000|  0%| F|  |TAMS 0x000000008c700000, 0x000000008c700000| Untracked 
| 200|0x000000008c800000, 0x000000008c800000, 0x000000008c900000|  0%| F|  |TAMS 0x000000008c800000, 0x000000008c800000| Untracked 
| 201|0x000000008c900000, 0x000000008c900000, 0x000000008ca00000|  0%| F|  |TAMS 0x000000008c900000, 0x000000008c900000| Untracked 
| 202|0x000000008ca00000, 0x000000008ca00000, 0x000000008cb00000|  0%| F|  |TAMS 0x000000008ca00000, 0x000000008ca00000| Untracked 
| 203|0x000000008cb00000, 0x000000008cb00000, 0x000000008cc00000|  0%| F|  |TAMS 0x000000008cb00000, 0x000000008cb00000| Untracked 
| 204|0x000000008cc00000, 0x000000008cc00000, 0x000000008cd00000|  0%| F|  |TAMS 0x000000008cc00000, 0x000000008cc00000| Untracked 
| 205|0x000000008cd00000, 0x000000008cd00000, 0x000000008ce00000|  0%| F|  |TAMS 0x000000008cd00000, 0x000000008cd00000| Untracked 
| 206|0x000000008ce00000, 0x000000008ce00000, 0x000000008cf00000|  0%| F|  |TAMS 0x000000008ce00000, 0x000000008ce00000| Untracked 
| 207|0x000000008cf00000, 0x000000008cf00000, 0x000000008d000000|  0%| F|  |TAMS 0x000000008cf00000, 0x000000008cf00000| Untracked 
| 208|0x000000008d000000, 0x000000008d000000, 0x000000008d100000|  0%| F|  |TAMS 0x000000008d000000, 0x000000008d000000| Untracked 
| 209|0x000000008d100000, 0x000000008d100000, 0x000000008d200000|  0%| F|  |TAMS 0x000000008d100000, 0x000000008d100000| Untracked 
| 210|0x000000008d200000, 0x000000008d200000, 0x000000008d300000|  0%| F|  |TAMS 0x000000008d200000, 0x000000008d200000| Untracked 
| 211|0x000000008d300000, 0x000000008d300000, 0x000000008d400000|  0%| F|  |TAMS 0x000000008d300000, 0x000000008d300000| Untracked 
| 212|0x000000008d400000, 0x000000008d400000, 0x000000008d500000|  0%| F|  |TAMS 0x000000008d400000, 0x000000008d400000| Untracked 
| 213|0x000000008d500000, 0x000000008d500000, 0x000000008d600000|  0%| F|  |TAMS 0x000000008d500000, 0x000000008d500000| Untracked 
| 214|0x000000008d600000, 0x000000008d600000, 0x000000008d700000|  0%| F|  |TAMS 0x000000008d600000, 0x000000008d600000| Untracked 
| 215|0x000000008d700000, 0x000000008d700000, 0x000000008d800000|  0%| F|  |TAMS 0x000000008d700000, 0x000000008d700000| Untracked 
| 216|0x000000008d800000, 0x000000008d800000, 0x000000008d900000|  0%| F|  |TAMS 0x000000008d800000, 0x000000008d800000| Untracked 
| 217|0x000000008d900000, 0x000000008d900000, 0x000000008da00000|  0%| F|  |TAMS 0x000000008d900000, 0x000000008d900000| Untracked 
| 218|0x000000008da00000, 0x000000008da00000, 0x000000008db00000|  0%| F|  |TAMS 0x000000008da00000, 0x000000008da00000| Untracked 
| 219|0x000000008db00000, 0x000000008db00000, 0x000000008dc00000|  0%| F|  |TAMS 0x000000008db00000, 0x000000008db00000| Untracked 
| 220|0x000000008dc00000, 0x000000008dc00000, 0x000000008dd00000|  0%| F|  |TAMS 0x000000008dc00000, 0x000000008dc00000| Untracked 
| 221|0x000000008dd00000, 0x000000008dd00000, 0x000000008de00000|  0%| F|  |TAMS 0x000000008dd00000, 0x000000008dd00000| Untracked 
| 222|0x000000008de00000, 0x000000008de00000, 0x000000008df00000|  0%| F|  |TAMS 0x000000008de00000, 0x000000008de00000| Untracked 
| 223|0x000000008df00000, 0x000000008df00000, 0x000000008e000000|  0%| F|  |TAMS 0x000000008df00000, 0x000000008df00000| Untracked 
| 224|0x000000008e000000, 0x000000008e000000, 0x000000008e100000|  0%| F|  |TAMS 0x000000008e000000, 0x000000008e000000| Untracked 
| 225|0x000000008e100000, 0x000000008e100000, 0x000000008e200000|  0%| F|  |TAMS 0x000000008e100000, 0x000000008e100000| Untracked 
| 226|0x000000008e200000, 0x000000008e200000, 0x000000008e300000|  0%| F|  |TAMS 0x000000008e200000, 0x000000008e200000| Untracked 
| 227|0x000000008e300000, 0x000000008e300000, 0x000000008e400000|  0%| F|  |TAMS 0x000000008e300000, 0x000000008e300000| Untracked 
| 228|0x000000008e400000, 0x000000008e400000, 0x000000008e500000|  0%| F|  |TAMS 0x000000008e400000, 0x000000008e400000| Untracked 
| 229|0x000000008e500000, 0x000000008e500000, 0x000000008e600000|  0%| F|  |TAMS 0x000000008e500000, 0x000000008e500000| Untracked 
| 230|0x000000008e600000, 0x000000008e600000, 0x000000008e700000|  0%| F|  |TAMS 0x000000008e600000, 0x000000008e600000| Untracked 
| 231|0x000000008e700000, 0x000000008e700000, 0x000000008e800000|  0%| F|  |TAMS 0x000000008e700000, 0x000000008e700000| Untracked 
| 232|0x000000008e800000, 0x000000008e800000, 0x000000008e900000|  0%| F|  |TAMS 0x000000008e800000, 0x000000008e800000| Untracked 
| 233|0x000000008e900000, 0x000000008e900000, 0x000000008ea00000|  0%| F|  |TAMS 0x000000008e900000, 0x000000008e900000| Untracked 
| 234|0x000000008ea00000, 0x000000008ea00000, 0x000000008eb00000|  0%| F|  |TAMS 0x000000008ea00000, 0x000000008ea00000| Untracked 
| 235|0x000000008eb00000, 0x000000008eb00000, 0x000000008ec00000|  0%| F|  |TAMS 0x000000008eb00000, 0x000000008eb00000| Untracked 
| 236|0x000000008ec00000, 0x000000008ec00000, 0x000000008ed00000|  0%| F|  |TAMS 0x000000008ec00000, 0x000000008ec00000| Untracked 
| 237|0x000000008ed00000, 0x000000008ed00000, 0x000000008ee00000|  0%| F|  |TAMS 0x000000008ed00000, 0x000000008ed00000| Untracked 
| 238|0x000000008ee00000, 0x000000008ee00000, 0x000000008ef00000|  0%| F|  |TAMS 0x000000008ee00000, 0x000000008ee00000| Untracked 
| 239|0x000000008ef00000, 0x000000008ef00000, 0x000000008f000000|  0%| F|  |TAMS 0x000000008ef00000, 0x000000008ef00000| Untracked 
| 240|0x000000008f000000, 0x000000008f000000, 0x000000008f100000|  0%| F|  |TAMS 0x000000008f000000, 0x000000008f000000| Untracked 
| 241|0x000000008f100000, 0x000000008f100000, 0x000000008f200000|  0%| F|  |TAMS 0x000000008f100000, 0x000000008f100000| Untracked 
| 242|0x000000008f200000, 0x000000008f200000, 0x000000008f300000|  0%| F|  |TAMS 0x000000008f200000, 0x000000008f200000| Untracked 
| 243|0x000000008f300000, 0x000000008f300000, 0x000000008f400000|  0%| F|  |TAMS 0x000000008f300000, 0x000000008f300000| Untracked 
| 244|0x000000008f400000, 0x000000008f400000, 0x000000008f500000|  0%| F|  |TAMS 0x000000008f400000, 0x000000008f400000| Untracked 
| 245|0x000000008f500000, 0x000000008f500000, 0x000000008f600000|  0%| F|  |TAMS 0x000000008f500000, 0x000000008f500000| Untracked 
| 246|0x000000008f600000, 0x000000008f600000, 0x000000008f700000|  0%| F|  |TAMS 0x000000008f600000, 0x000000008f600000| Untracked 
| 247|0x000000008f700000, 0x000000008f700000, 0x000000008f800000|  0%| F|  |TAMS 0x000000008f700000, 0x000000008f700000| Untracked 
| 248|0x000000008f800000, 0x000000008f800000, 0x000000008f900000|  0%| F|  |TAMS 0x000000008f800000, 0x000000008f800000| Untracked 
| 249|0x000000008f900000, 0x000000008f900000, 0x000000008fa00000|  0%| F|  |TAMS 0x000000008f900000, 0x000000008f900000| Untracked 
| 250|0x000000008fa00000, 0x000000008fa00000, 0x000000008fb00000|  0%| F|  |TAMS 0x000000008fa00000, 0x000000008fa00000| Untracked 
| 251|0x000000008fb00000, 0x000000008fb00000, 0x000000008fc00000|  0%| F|  |TAMS 0x000000008fb00000, 0x000000008fb00000| Untracked 
| 252|0x000000008fc00000, 0x000000008fc00000, 0x000000008fd00000|  0%| F|  |TAMS 0x000000008fc00000, 0x000000008fc00000| Untracked 
| 253|0x000000008fd00000, 0x000000008fd00000, 0x000000008fe00000|  0%| F|  |TAMS 0x000000008fd00000, 0x000000008fd00000| Untracked 
| 254|0x000000008fe00000, 0x000000008fe00000, 0x000000008ff00000|  0%| F|  |TAMS 0x000000008fe00000, 0x000000008fe00000| Untracked 
| 255|0x000000008ff00000, 0x000000008ff00000, 0x0000000090000000|  0%| F|  |TAMS 0x000000008ff00000, 0x000000008ff00000| Untracked 
| 256|0x0000000090000000, 0x0000000090000000, 0x0000000090100000|  0%| F|  |TAMS 0x0000000090000000, 0x0000000090000000| Untracked 
| 257|0x0000000090100000, 0x0000000090100000, 0x0000000090200000|  0%| F|  |TAMS 0x0000000090100000, 0x0000000090100000| Untracked 
| 258|0x0000000090200000, 0x0000000090200000, 0x0000000090300000|  0%| F|  |TAMS 0x0000000090200000, 0x0000000090200000| Untracked 
| 259|0x0000000090300000, 0x0000000090300000, 0x0000000090400000|  0%| F|  |TAMS 0x0000000090300000, 0x0000000090300000| Untracked 
| 260|0x0000000090400000, 0x0000000090400000, 0x0000000090500000|  0%| F|  |TAMS 0x0000000090400000, 0x0000000090400000| Untracked 
| 261|0x0000000090500000, 0x0000000090500000, 0x0000000090600000|  0%| F|  |TAMS 0x0000000090500000, 0x0000000090500000| Untracked 
| 262|0x0000000090600000, 0x0000000090600000, 0x0000000090700000|  0%| F|  |TAMS 0x0000000090600000, 0x0000000090600000| Untracked 
| 263|0x0000000090700000, 0x0000000090700000, 0x0000000090800000|  0%| F|  |TAMS 0x0000000090700000, 0x0000000090700000| Untracked 

Card table byte_map: [0x0000029ab53d0000,0x0000029ab57d0000] _byte_map_base: 0x0000029ab4fd0000

Marking Bits (Prev, Next): (CMBitMap*) 0x0000029aa21e19f0, (CMBitMap*) 0x0000029aa21e19b8
 Prev Bits: [0x0000029ab7bd0000, 0x0000029ab9bd0000)
 Next Bits: [0x0000029ab5bd0000, 0x0000029ab7bd0000)

Polling page: 0x0000029aa1980000

Metaspace:

Usage:
  Non-class:     53.46 MB capacity,    52.48 MB ( 98%) used,   862.55 KB (  2%) free+waste,   138.25 KB ( <1%) overhead. 
      Class:      7.78 MB capacity,     7.27 MB ( 94%) used,   454.62 KB (  6%) free+waste,    62.94 KB ( <1%) overhead. 
       Both:     61.23 MB capacity,    59.75 MB ( 98%) used,     1.29 MB (  2%) free+waste,   201.19 KB ( <1%) overhead. 

Virtual space:
  Non-class space:       54.00 MB reserved,      53.75 MB (>99%) committed 
      Class space:        1.00 GB reserved,       7.88 MB ( <1%) committed 
             Both:        1.05 GB reserved,      61.63 MB (  6%) committed 

Chunk freelists:
   Non-Class:  109.00 KB
       Class:  100.00 KB
        Both:  209.00 KB

MaxMetaspaceSize: 17179869184.00 GB
CompressedClassSpaceSize: 1.00 GB

CodeHeap 'non-profiled nmethods': size=120000Kb used=6983Kb max_used=6983Kb free=113016Kb
 bounds [0x0000029aad770000, 0x0000029aade50000, 0x0000029ab4ca0000]
CodeHeap 'profiled nmethods': size=120000Kb used=20092Kb max_used=20092Kb free=99907Kb
 bounds [0x0000029aa6240000, 0x0000029aa75e0000, 0x0000029aad770000]
CodeHeap 'non-nmethods': size=5760Kb used=2265Kb max_used=2354Kb free=3494Kb
 bounds [0x0000029aa5ca0000, 0x0000029aa5f10000, 0x0000029aa6240000]
 total_blobs=9651 nmethods=8793 adapters=768
 compilation: enabled
              stopped_count=0, restarted_count=0
 full_count=0

Compilation events (20 events):
Event: 83.649 Thread 0x0000029abcead000 nmethod 8830 0x0000029aa75d7890 code [0x0000029aa75d7aa0, 0x0000029aa75d7d88]
Event: 83.649 Thread 0x0000029abcead000 8828       3       org.gradle.api.internal.file.archive.impl.FileZipInput$1$1::get (5 bytes)
Event: 83.650 Thread 0x0000029abcead000 nmethod 8828 0x0000029aa75d7f10 code [0x0000029aa75d8100, 0x0000029aa75d8438]
Event: 83.650 Thread 0x0000029abcead000 8831       3       com.google.common.io.ByteStreams::readFully (58 bytes)
Event: 83.650 Thread 0x0000029abcead000 nmethod 8831 0x0000029aa75d8690 code [0x0000029aa75d8940, 0x0000029aa75d93b8]
Event: 83.650 Thread 0x0000029abcead000 8834       3       org.gradle.internal.classpath.InstrumentingClasspathFileTransformer::lambda$visitEntries$1 (113 bytes)
Event: 83.651 Thread 0x0000029abcead000 nmethod 8834 0x0000029aa75d9810 code [0x0000029aa75d9b20, 0x0000029aa75daa48]
Event: 83.651 Thread 0x0000029abcead000 8836       3       org.gradle.internal.classpath.InstrumentingClasspathFileTransformer$$Lambda$253/0x0000000100500840::visit (13 bytes)
Event: 83.651 Thread 0x0000029abcead000 nmethod 8836 0x0000029aa75db090 code [0x0000029aa75db240, 0x0000029aa75db388]
Event: 83.651 Thread 0x0000029abcead000 8840       3       org.gradle.internal.classpath.ClasspathWalker$ZipClasspathEntry::getContent (10 bytes)
Event: 83.652 Thread 0x0000029abcead000 nmethod 8840 0x0000029aa75db490 code [0x0000029aa75db720, 0x0000029aa75dc228]
Event: 83.652 Thread 0x0000029abcead000 8842       3       org.gradle.internal.classpath.ClasspathWalker$ZipClasspathEntry::<init> (10 bytes)
Event: 83.652 Thread 0x0000029abcead000 nmethod 8842 0x0000029aa75dc610 code [0x0000029aa75dc7c0, 0x0000029aa75dc978]
Event: 83.652 Thread 0x0000029abcead000 8839       3       org.apache.tools.zip.ZipOutputStream::shouldAddZip64Extra (60 bytes)
Event: 83.652 Thread 0x0000029abcead000 nmethod 8839 0x0000029aa75dca10 code [0x0000029aa75dcbe0, 0x0000029aa75dcf58]
Event: 83.652 Thread 0x0000029abcead000 8843       3       org.apache.tools.zip.ZipOutputStream::writeLocalFileHeader (101 bytes)
Event: 83.653 Thread 0x0000029abcead000 nmethod 8843 0x0000029aa75dd010 code [0x0000029aa75dd360, 0x0000029aa75de568]
Event: 83.653 Thread 0x0000029abcead000 8848       3       java.time.temporal.ValueRange::isIntValue (28 bytes)
Event: 83.654 Thread 0x0000029abcead000 nmethod 8848 0x0000029aa75dee10 code [0x0000029aa75defc0, 0x0000029aa75df198]
Event: 83.654 Thread 0x0000029abcead000 8849       3       org.apache.tools.zip.ZipOutputStream::createLocalFileHeader (320 bytes)

GC Heap History (20 events):
Event: 82.107 GC heap after
{Heap after GC invocations=39 (full 0):
 garbage-first heap   total 187392K, used 76028K [0x0000000080000000, 0x0000000100000000)
  region size 1024K, 5 young (5120K), 5 survivors (5120K)
 Metaspace       used 61143K, capacity 62639K, committed 62848K, reserved 1103872K
  class space    used 7444K, capacity 7964K, committed 8064K, reserved 1048576K
}
Event: 82.297 GC heap before
{Heap before GC invocations=39 (full 0):
 garbage-first heap   total 187392K, used 152828K [0x0000000080000000, 0x0000000100000000)
  region size 1024K, 82 young (83968K), 5 survivors (5120K)
 Metaspace       used 61145K, capacity 62639K, committed 62848K, reserved 1103872K
  class space    used 7444K, capacity 7964K, committed 8064K, reserved 1048576K
}
Event: 82.300 GC heap after
{Heap after GC invocations=40 (full 0):
 garbage-first heap   total 187392K, used 78868K [0x0000000080000000, 0x0000000100000000)
  region size 1024K, 8 young (8192K), 8 survivors (8192K)
 Metaspace       used 61145K, capacity 62639K, committed 62848K, reserved 1103872K
  class space    used 7444K, capacity 7964K, committed 8064K, reserved 1048576K
}
Event: 82.412 GC heap before
{Heap before GC invocations=40 (full 0):
 garbage-first heap   total 187392K, used 154644K [0x0000000080000000, 0x0000000100000000)
  region size 1024K, 80 young (81920K), 8 survivors (8192K)
 Metaspace       used 61151K, capacity 62639K, committed 62848K, reserved 1103872K
  class space    used 7444K, capacity 7964K, committed 8064K, reserved 1048576K
}
Event: 82.417 GC heap after
{Heap after GC invocations=41 (full 0):
 garbage-first heap   total 225280K, used 81823K [0x0000000080000000, 0x0000000100000000)
  region size 1024K, 8 young (8192K), 8 survivors (8192K)
 Metaspace       used 61151K, capacity 62639K, committed 62848K, reserved 1103872K
  class space    used 7444K, capacity 7964K, committed 8064K, reserved 1048576K
}
Event: 82.558 GC heap before
{Heap before GC invocations=41 (full 0):
 garbage-first heap   total 225280K, used 185247K [0x0000000080000000, 0x0000000100000000)
  region size 1024K, 109 young (111616K), 8 survivors (8192K)
 Metaspace       used 61151K, capacity 62639K, committed 62848K, reserved 1103872K
  class space    used 7444K, capacity 7964K, committed 8064K, reserved 1048576K
}
Event: 82.561 GC heap after
{Heap after GC invocations=42 (full 0):
 garbage-first heap   total 225280K, used 84069K [0x0000000080000000, 0x0000000100000000)
  region size 1024K, 11 young (11264K), 11 survivors (11264K)
 Metaspace       used 61151K, capacity 62639K, committed 62848K, reserved 1103872K
  class space    used 7444K, capacity 7964K, committed 8064K, reserved 1048576K
}
Event: 82.743 GC heap before
{Heap before GC invocations=42 (full 0):
 garbage-first heap   total 225280K, used 178277K [0x0000000080000000, 0x0000000100000000)
  region size 1024K, 105 young (107520K), 11 survivors (11264K)
 Metaspace       used 61155K, capacity 62639K, committed 62848K, reserved 1103872K
  class space    used 7444K, capacity 7964K, committed 8064K, reserved 1048576K
}
Event: 82.746 GC heap after
{Heap after GC invocations=43 (full 0):
 garbage-first heap   total 225280K, used 82187K [0x0000000080000000, 0x0000000100000000)
  region size 1024K, 8 young (8192K), 8 survivors (8192K)
 Metaspace       used 61155K, capacity 62639K, committed 62848K, reserved 1103872K
  class space    used 7444K, capacity 7964K, committed 8064K, reserved 1048576K
}
Event: 82.864 GC heap before
{Heap before GC invocations=43 (full 0):
 garbage-first heap   total 225280K, used 179467K [0x0000000080000000, 0x0000000100000000)
  region size 1024K, 104 young (106496K), 8 survivors (8192K)
 Metaspace       used 61156K, capacity 62639K, committed 62848K, reserved 1103872K
  class space    used 7444K, capacity 7964K, committed 8064K, reserved 1048576K
}
Event: 82.867 GC heap after
{Heap after GC invocations=44 (full 0):
 garbage-first heap   total 225280K, used 84371K [0x0000000080000000, 0x0000000100000000)
  region size 1024K, 10 young (10240K), 10 survivors (10240K)
 Metaspace       used 61156K, capacity 62639K, committed 62848K, reserved 1103872K
  class space    used 7444K, capacity 7964K, committed 8064K, reserved 1048576K
}
Event: 82.975 GC heap before
{Heap before GC invocations=44 (full 0):
 garbage-first heap   total 225280K, used 178579K [0x0000000080000000, 0x0000000100000000)
  region size 1024K, 104 young (106496K), 10 survivors (10240K)
 Metaspace       used 61158K, capacity 62639K, committed 62848K, reserved 1103872K
  class space    used 7444K, capacity 7964K, committed 8064K, reserved 1048576K
}
Event: 82.979 GC heap after
{Heap after GC invocations=45 (full 0):
 garbage-first heap   total 270336K, used 83516K [0x0000000080000000, 0x0000000100000000)
  region size 1024K, 8 young (8192K), 8 survivors (8192K)
 Metaspace       used 61158K, capacity 62639K, committed 62848K, reserved 1103872K
  class space    used 7444K, capacity 7964K, committed 8064K, reserved 1048576K
}
Event: 83.171 GC heap before
{Heap before GC invocations=45 (full 0):
 garbage-first heap   total 270336K, used 219708K [0x0000000080000000, 0x0000000100000000)
  region size 1024K, 143 young (146432K), 8 survivors (8192K)
 Metaspace       used 61161K, capacity 62703K, committed 63104K, reserved 1103872K
  class space    used 7444K, capacity 7964K, committed 8064K, reserved 1048576K
}
Event: 83.174 GC heap after
{Heap after GC invocations=46 (full 0):
 garbage-first heap   total 270336K, used 85722K [0x0000000080000000, 0x0000000100000000)
  region size 1024K, 10 young (10240K), 10 survivors (10240K)
 Metaspace       used 61161K, capacity 62703K, committed 63104K, reserved 1103872K
  class space    used 7444K, capacity 7964K, committed 8064K, reserved 1048576K
}
Event: 83.332 GC heap before
{Heap before GC invocations=46 (full 0):
 garbage-first heap   total 270336K, used 213722K [0x0000000080000000, 0x0000000100000000)
  region size 1024K, 136 young (139264K), 10 survivors (10240K)
 Metaspace       used 61169K, capacity 62703K, committed 63104K, reserved 1103872K
  class space    used 7444K, capacity 7964K, committed 8064K, reserved 1048576K
}
Event: 83.335 GC heap after
{Heap after GC invocations=47 (full 0):
 garbage-first heap   total 270336K, used 84382K [0x0000000080000000, 0x0000000100000000)
  region size 1024K, 8 young (8192K), 8 survivors (8192K)
 Metaspace       used 61169K, capacity 62703K, committed 63104K, reserved 1103872K
  class space    used 7444K, capacity 7964K, committed 8064K, reserved 1048576K
}
Event: 83.482 GC heap before
{Heap before GC invocations=47 (full 0):
 garbage-first heap   total 270336K, used 216478K [0x0000000080000000, 0x0000000100000000)
  region size 1024K, 138 young (141312K), 8 survivors (8192K)
 Metaspace       used 61180K, capacity 62703K, committed 63104K, reserved 1103872K
  class space    used 7446K, capacity 7964K, committed 8064K, reserved 1048576K
}
Event: 83.486 GC heap after
{Heap after GC invocations=48 (full 0):
 garbage-first heap   total 270336K, used 89023K [0x0000000080000000, 0x0000000100000000)
  region size 1024K, 13 young (13312K), 13 survivors (13312K)
 Metaspace       used 61180K, capacity 62703K, committed 63104K, reserved 1103872K
  class space    used 7446K, capacity 7964K, committed 8064K, reserved 1048576K
}
Event: 83.655 GC heap before
{Heap before GC invocations=48 (full 0):
 garbage-first heap   total 270336K, used 223167K [0x0000000080000000, 0x0000000100000000)
  region size 1024K, 139 young (142336K), 13 survivors (13312K)
 Metaspace       used 61184K, capacity 62703K, committed 63104K, reserved 1103872K
  class space    used 7446K, capacity 7964K, committed 8064K, reserved 1048576K
}

Deoptimization events (20 events):
Event: 83.637 Thread 0x0000029ac772a000 DEOPT PACKING pc=0x0000029aa6b1178e sp=0x000000cf697fe2b0
Event: 83.637 Thread 0x0000029ac772a000 DEOPT UNPACKING pc=0x0000029aa5cc6dde sp=0x000000cf697fd920 mode 0
Event: 83.639 Thread 0x0000029acb7a3800 DEOPT PACKING pc=0x0000029aa6b0fa60 sp=0x000000cf66efe610
Event: 83.639 Thread 0x0000029acb7a3800 DEOPT UNPACKING pc=0x0000029aa5cc6dde sp=0x000000cf66efdc80 mode 0
Event: 83.640 Thread 0x0000029ac6800800 DEOPT PACKING pc=0x0000029aa6b0fa60 sp=0x000000cf68dfe3b0
Event: 83.640 Thread 0x0000029ac6800800 DEOPT UNPACKING pc=0x0000029aa5cc6dde sp=0x000000cf68dfda20 mode 0
Event: 83.642 Thread 0x0000029ac7726800 Uncommon trap: trap_request=0xffffff4d fr.pc=0x0000029aade28184 relative=0x0000000000003f04
Event: 83.642 Thread 0x0000029ac7726800 Uncommon trap: reason=unstable_if action=reinterpret pc=0x0000029aade28184 method=org.objectweb.asm.MethodWriter.putMethodInfo(Lorg/objectweb/asm/ByteVector;)V @ 9 c2
Event: 83.642 Thread 0x0000029ac7726800 DEOPT PACKING pc=0x0000029aade28184 sp=0x000000cf698fe410
Event: 83.642 Thread 0x0000029ac7726800 DEOPT UNPACKING pc=0x0000029aa5cc662f sp=0x000000cf698fe3d0 mode 2
Event: 83.643 Thread 0x0000029ac7726800 DEOPT PACKING pc=0x0000029aa6b0fa60 sp=0x000000cf698fe010
Event: 83.643 Thread 0x0000029ac7726800 DEOPT UNPACKING pc=0x0000029aa5cc6dde sp=0x000000cf698fd680 mode 0
Event: 83.645 Thread 0x0000029ac7726800 DEOPT PACKING pc=0x0000029aa6b1178e sp=0x000000cf698fe010
Event: 83.645 Thread 0x0000029ac7726800 DEOPT UNPACKING pc=0x0000029aa5cc6dde sp=0x000000cf698fd680 mode 0
Event: 83.646 Thread 0x0000029acb7a3800 DEOPT PACKING pc=0x0000029aa6b0fa60 sp=0x000000cf66efe610
Event: 83.646 Thread 0x0000029acb7a3800 DEOPT UNPACKING pc=0x0000029aa5cc6dde sp=0x000000cf66efdc80 mode 0
Event: 83.648 Thread 0x0000029ac6800800 DEOPT PACKING pc=0x0000029aa6b1178e sp=0x000000cf68dfe3b0
Event: 83.648 Thread 0x0000029ac6800800 DEOPT UNPACKING pc=0x0000029aa5cc6dde sp=0x000000cf68dfda20 mode 0
Event: 83.652 Thread 0x0000029ac2921800 DEOPT PACKING pc=0x0000029aa6b0fa60 sp=0x000000cf681fe4b0
Event: 83.652 Thread 0x0000029ac2921800 DEOPT UNPACKING pc=0x0000029aa5cc6dde sp=0x000000cf681fdb20 mode 0

Classes redefined (0 events):
No events

Internal exceptions (20 events):
Event: 83.366 Thread 0x0000029ac67ff800 Exception <a 'sun/nio/fs/WindowsException'{0x000000008f139678}> (0x000000008f139678) thrown at [./src/hotspot/share/prims/jni.cpp, line 615]
Event: 83.367 Thread 0x0000029ac67ff800 Exception <a 'sun/nio/fs/WindowsException'{0x000000008f139800}> (0x000000008f139800) thrown at [./src/hotspot/share/prims/jni.cpp, line 615]
Event: 83.442 Thread 0x0000029ac6801000 Exception <a 'sun/nio/fs/WindowsException'{0x000000008a962f28}> (0x000000008a962f28) thrown at [./src/hotspot/share/prims/jni.cpp, line 615]
Event: 83.443 Thread 0x0000029ac6802000 Exception <a 'sun/nio/fs/WindowsException'{0x000000008a82ed50}> (0x000000008a82ed50) thrown at [./src/hotspot/share/prims/jni.cpp, line 615]
Event: 83.443 Thread 0x0000029ac6801000 Exception <a 'sun/nio/fs/WindowsException'{0x000000008a9630d0}> (0x000000008a9630d0) thrown at [./src/hotspot/share/prims/jni.cpp, line 615]
Event: 83.450 Thread 0x0000029ac6802000 Exception <a 'sun/nio/fs/WindowsException'{0x000000008a82eef8}> (0x000000008a82eef8) thrown at [./src/hotspot/share/prims/jni.cpp, line 615]
Event: 83.491 Thread 0x0000029ac6806000 Exception <a 'sun/nio/fs/WindowsException'{0x0000000090409f60}> (0x0000000090409f60) thrown at [./src/hotspot/share/prims/jni.cpp, line 615]
Event: 83.492 Thread 0x0000029ac6806000 Exception <a 'sun/nio/fs/WindowsException'{0x000000009040a0f8}> (0x000000009040a0f8) thrown at [./src/hotspot/share/prims/jni.cpp, line 615]
Event: 83.540 Thread 0x0000029ac67f8000 Exception <a 'sun/nio/fs/WindowsException'{0x000000008e785eb8}> (0x000000008e785eb8) thrown at [./src/hotspot/share/prims/jni.cpp, line 615]
Event: 83.559 Thread 0x0000029ac67f8000 Exception <a 'sun/nio/fs/WindowsException'{0x000000008e786090}> (0x000000008e786090) thrown at [./src/hotspot/share/prims/jni.cpp, line 615]
Event: 83.559 Thread 0x0000029ac38e8800 Exception <a 'sun/nio/fs/WindowsException'{0x000000008d7900b8}> (0x000000008d7900b8) thrown at [./src/hotspot/share/prims/jni.cpp, line 615]
Event: 83.561 Thread 0x0000029ac38e8800 Exception <a 'sun/nio/fs/WindowsException'{0x000000008d790250}> (0x000000008d790250) thrown at [./src/hotspot/share/prims/jni.cpp, line 615]
Event: 83.569 Thread 0x0000029ac67fb800 Exception <a 'sun/nio/fs/WindowsException'{0x000000008c8fede8}> (0x000000008c8fede8) thrown at [./src/hotspot/share/prims/jni.cpp, line 615]
Event: 83.570 Thread 0x0000029ac67fb800 Exception <a 'sun/nio/fs/WindowsException'{0x000000008c8fef88}> (0x000000008c8fef88) thrown at [./src/hotspot/share/prims/jni.cpp, line 615]
Event: 83.610 Thread 0x0000029ac6805000 Exception <a 'sun/nio/fs/WindowsException'{0x000000008aaf5820}> (0x000000008aaf5820) thrown at [./src/hotspot/share/prims/jni.cpp, line 615]
Event: 83.638 Thread 0x0000029ac6804800 Exception <a 'sun/nio/fs/WindowsException'{0x0000000089414750}> (0x0000000089414750) thrown at [./src/hotspot/share/prims/jni.cpp, line 615]
Event: 83.640 Thread 0x0000029ac6804800 Exception <a 'sun/nio/fs/WindowsException'{0x00000000894148e8}> (0x00000000894148e8) thrown at [./src/hotspot/share/prims/jni.cpp, line 615]
Event: 83.647 Thread 0x0000029ac7726800 Exception <a 'sun/nio/fs/WindowsException'{0x0000000088f47e68}> (0x0000000088f47e68) thrown at [./src/hotspot/share/prims/jni.cpp, line 615]
Event: 83.650 Thread 0x0000029ac6805000 Exception <a 'sun/nio/fs/WindowsException'{0x000000008aaf59b0}> (0x000000008aaf59b0) thrown at [./src/hotspot/share/prims/jni.cpp, line 615]
Event: 83.650 Thread 0x0000029ac7726800 Exception <a 'sun/nio/fs/WindowsException'{0x0000000088f48000}> (0x0000000088f48000) thrown at [./src/hotspot/share/prims/jni.cpp, line 615]

Events (20 events):
Event: 83.429 Thread 0x0000029ac67fb800 Thread added: 0x0000029ac67fb800
Event: 83.432 Thread 0x0000029ac6804800 Thread added: 0x0000029ac6804800
Event: 83.433 Thread 0x0000029ac6802000 Thread added: 0x0000029ac6802000
Event: 83.437 Thread 0x0000029ac6803000 Thread added: 0x0000029ac6803000
Event: 83.446 loading class java/nio/channels/FileChannel$MapMode
Event: 83.446 loading class java/nio/channels/FileChannel$MapMode done
Event: 83.447 loading class sun/nio/ch/FileChannelImpl$Unmapper
Event: 83.447 loading class sun/nio/ch/FileChannelImpl$Unmapper done
Event: 83.447 loading class sun/nio/ch/Util$4
Event: 83.447 loading class sun/nio/ch/Util$4 done
Event: 83.451 Thread 0x0000029ac6803800 Thread added: 0x0000029ac6803800
Event: 83.452 Thread 0x0000029ac6805000 Thread added: 0x0000029ac6805000
Event: 83.452 Thread 0x0000029ac6806000 Thread added: 0x0000029ac6806000
Event: 83.482 Executing VM operation: G1CollectForAllocation
Event: 83.486 Executing VM operation: G1CollectForAllocation done
Event: 83.573 Thread 0x0000029ac772a000 Thread added: 0x0000029ac772a000
Event: 83.574 Thread 0x0000029ac7726800 Thread added: 0x0000029ac7726800
Event: 83.654 Executing VM operation: G1CollectForAllocation
Event: 83.654 Executing VM operation: G1CollectForAllocation done
Event: 83.654 Executing VM operation: G1CollectForAllocation


Dynamic libraries:
0x00007ff632670000 - 0x00007ff63267a000 	D:\aizp\dev\software\Android Studio\jre\bin\java.exe
0x00007ffb2d130000 - 0x00007ffb2d325000 	C:\WINDOWS\SYSTEM32\ntdll.dll
0x00007ffb2c060000 - 0x00007ffb2c11e000 	C:\WINDOWS\System32\KERNEL32.DLL
0x00007ffb2a9b0000 - 0x00007ffb2ac78000 	C:\WINDOWS\System32\KERNELBASE.dll
0x00007ffb2b040000 - 0x00007ffb2b140000 	C:\WINDOWS\System32\ucrtbase.dll
0x00007ffb10340000 - 0x00007ffb10357000 	D:\aizp\dev\software\Android Studio\jre\bin\VCRUNTIME140.dll
0x00007ffb042d0000 - 0x00007ffb042e9000 	D:\aizp\dev\software\Android Studio\jre\bin\jli.dll
0x00007ffb2b190000 - 0x00007ffb2b330000 	C:\WINDOWS\System32\USER32.dll
0x00007ffb0cd60000 - 0x00007ffb0cffa000 	C:\WINDOWS\WinSxS\amd64_microsoft.windows.common-controls_6595b64144ccf1df_6.0.19041.1110_none_60b5254171f9507e\COMCTL32.dll
0x00007ffb2cc60000 - 0x00007ffb2ccfe000 	C:\WINDOWS\System32\msvcrt.dll
0x00007ffb2ae60000 - 0x00007ffb2ae82000 	C:\WINDOWS\System32\win32u.dll
0x00007ffb2cd00000 - 0x00007ffb2cd2b000 	C:\WINDOWS\System32\GDI32.dll
0x00007ffb2ae90000 - 0x00007ffb2af9b000 	C:\WINDOWS\System32\gdi32full.dll
0x00007ffb2ad10000 - 0x00007ffb2adad000 	C:\WINDOWS\System32\msvcp_win.dll
0x00007ffb2b650000 - 0x00007ffb2b680000 	C:\WINDOWS\System32\IMM32.DLL
0x0000000068c30000 - 0x0000000068c3c000 	C:\Program Files (x86)\360\360Safe\safemon\SafeWrapper.dll
0x00007ffafb560000 - 0x00007ffafb5fd000 	D:\aizp\dev\software\Android Studio\jre\bin\msvcp140.dll
0x00007ffadd0e0000 - 0x00007ffaddbb5000 	D:\aizp\dev\software\Android Studio\jre\bin\server\jvm.dll
0x00007ffb2cbb0000 - 0x00007ffb2cc5e000 	C:\WINDOWS\System32\ADVAPI32.dll
0x00007ffb2cf20000 - 0x00007ffb2cfbc000 	C:\WINDOWS\System32\sechost.dll
0x00007ffb2b450000 - 0x00007ffb2b575000 	C:\WINDOWS\System32\RPCRT4.dll
0x00007ffb2cd30000 - 0x00007ffb2cd38000 	C:\WINDOWS\System32\PSAPI.DLL
0x00007ffb2a3d0000 - 0x00007ffb2a3da000 	C:\WINDOWS\SYSTEM32\VERSION.dll
0x00007ffb15ff0000 - 0x00007ffb16017000 	C:\WINDOWS\SYSTEM32\WINMM.dll
0x00007ffb08b60000 - 0x00007ffb08b69000 	C:\WINDOWS\SYSTEM32\WSOCK32.dll
0x00007ffb2cfc0000 - 0x00007ffb2d02b000 	C:\WINDOWS\System32\WS2_32.dll
0x00007ffb286f0000 - 0x00007ffb28702000 	C:\WINDOWS\SYSTEM32\kernel.appcore.dll
0x00007ffb239d0000 - 0x00007ffb239e1000 	D:\aizp\dev\software\Android Studio\jre\bin\verify.dll
0x00007ffb25790000 - 0x00007ffb25974000 	C:\WINDOWS\SYSTEM32\DBGHELP.DLL
0x00007ffb17e00000 - 0x00007ffb17e2c000 	C:\WINDOWS\SYSTEM32\dbgcore.DLL
0x00007ffb2ac80000 - 0x00007ffb2ad02000 	C:\WINDOWS\System32\bcryptPrimitives.dll
0x00007ffb1fd00000 - 0x00007ffb1fd29000 	D:\aizp\dev\software\Android Studio\jre\bin\java.dll
0x00007ffb25b30000 - 0x00007ffb25b3b000 	D:\aizp\dev\software\Android Studio\jre\bin\jimage.dll
0x00007ffb22d40000 - 0x00007ffb22d58000 	D:\aizp\dev\software\Android Studio\jre\bin\zip.dll
0x00007ffb2c460000 - 0x00007ffb2cba4000 	C:\WINDOWS\System32\SHELL32.dll
0x00007ffb288f0000 - 0x00007ffb29084000 	C:\WINDOWS\SYSTEM32\windows.storage.dll
0x00007ffb2bd00000 - 0x00007ffb2c054000 	C:\WINDOWS\System32\combase.dll
0x00007ffb2a240000 - 0x00007ffb2a26c000 	C:\WINDOWS\SYSTEM32\Wldp.dll
0x00007ffb2c3b0000 - 0x00007ffb2c45d000 	C:\WINDOWS\System32\SHCORE.dll
0x00007ffb2d090000 - 0x00007ffb2d0e5000 	C:\WINDOWS\System32\shlwapi.dll
0x00007ffb2a790000 - 0x00007ffb2a7af000 	C:\WINDOWS\SYSTEM32\profapi.dll
0x00007ffb10dd0000 - 0x00007ffb10dea000 	D:\aizp\dev\software\Android Studio\jre\bin\net.dll
0x00007ffb259b0000 - 0x00007ffb25ab9000 	C:\WINDOWS\SYSTEM32\WINHTTP.dll
0x00007ffb29fa0000 - 0x00007ffb2a00a000 	C:\WINDOWS\system32\mswsock.dll
0x00007ffb10db0000 - 0x00007ffb10dc4000 	D:\aizp\dev\software\Android Studio\jre\bin\nio.dll
0x00007ffb10360000 - 0x00007ffb10387000 	C:\Users\aizp\.gradle\native\fdc75f09e3144964f2cf3f50f0aa648679c211496f362492102eb8c894070792\windows-amd64\native-platform.dll
0x00007ffadf780000 - 0x00007ffadf916000 	C:\Users\aizp\.gradle\native\12488b8bf47d2d4c9fbf2f6322a914ad602e24e48041cd04a747c6da556b65c4\windows-amd64\native-platform-file-events.dll
0x00007ffb25600000 - 0x00007ffb2560a000 	D:\aizp\dev\software\Android Studio\jre\bin\management.dll
0x00007ffb20d20000 - 0x00007ffb20d2d000 	D:\aizp\dev\software\Android Studio\jre\bin\management_ext.dll
0x00007ffb2a1a0000 - 0x00007ffb2a1b8000 	C:\WINDOWS\SYSTEM32\CRYPTSP.dll
0x00007ffb298b0000 - 0x00007ffb298e4000 	C:\WINDOWS\system32\rsaenh.dll
0x00007ffb2b010000 - 0x00007ffb2b037000 	C:\WINDOWS\System32\bcrypt.dll
0x00007ffb2a710000 - 0x00007ffb2a73e000 	C:\WINDOWS\SYSTEM32\USERENV.dll
0x00007ffb2a190000 - 0x00007ffb2a19c000 	C:\WINDOWS\SYSTEM32\CRYPTBASE.dll
0x00007ffb29c40000 - 0x00007ffb29c7b000 	C:\WINDOWS\SYSTEM32\IPHLPAPI.DLL
0x00007ffb2cf10000 - 0x00007ffb2cf18000 	C:\WINDOWS\System32\NSI.dll
0x00007ffb20ef0000 - 0x00007ffb20f07000 	C:\WINDOWS\SYSTEM32\dhcpcsvc6.DLL
0x00007ffb21160000 - 0x00007ffb2117d000 	C:\WINDOWS\SYSTEM32\dhcpcsvc.DLL
0x00007ffb29c80000 - 0x00007ffb29d4a000 	C:\WINDOWS\SYSTEM32\DNSAPI.dll
0x00007ffb21450000 - 0x00007ffb2145b000 	C:\WINDOWS\SYSTEM32\WINNSI.DLL
0x00007ffb0ca80000 - 0x00007ffb0caa7000 	D:\aizp\dev\software\Android Studio\jre\bin\sunec.dll
0x00007ffb18700000 - 0x00007ffb1870a000 	C:\Windows\System32\rasadhlp.dll
0x00007ffb18380000 - 0x00007ffb183ff000 	C:\WINDOWS\System32\fwpuclnt.dll

dbghelp: loaded successfully - version: 4.0.5 - missing functions: none
symbol engine: initialized successfully - sym options: 0x614 - pdb path: .;D:\aizp\dev\software\Android Studio\jre\bin;C:\WINDOWS\SYSTEM32;C:\WINDOWS\WinSxS\amd64_microsoft.windows.common-controls_6595b64144ccf1df_6.0.19041.1110_none_60b5254171f9507e;C:\Program Files (x86)\360\360Safe\safemon;D:\aizp\dev\software\Android Studio\jre\bin\server;C:\Users\aizp\.gradle\native\fdc75f09e3144964f2cf3f50f0aa648679c211496f362492102eb8c894070792\windows-amd64;C:\Users\aizp\.gradle\native\12488b8bf47d2d4c9fbf2f6322a914ad602e24e48041cd04a747c6da556b65c4\windows-amd64

VM Arguments:
jvm_args: --add-opens=java.base/java.util=ALL-UNNAMED --add-opens=java.base/java.lang=ALL-UNNAMED --add-opens=java.base/java.lang.invoke=ALL-UNNAMED --add-opens=java.prefs/java.util.prefs=ALL-UNNAMED -Xmx2048m -Dfile.encoding=UTF-8 -Duser.country=CN -Duser.language=zh -Duser.variant 
java_command: org.gradle.launcher.daemon.bootstrap.GradleDaemon 6.8
java_class_path (initial): C:\Users\aizp\.gradle\wrapper\dists\gradle-6.8-bin\1jblhjyydfkclfzx1agp92nyl\gradle-6.8\lib\gradle-launcher-6.8.jar
Launcher Type: SUN_STANDARD

[Global flags]
     intx CICompilerCount                          = 4                                         {product} {ergonomic}
     uint ConcGCThreads                            = 2                                         {product} {ergonomic}
     uint G1ConcRefinementThreads                  = 8                                         {product} {ergonomic}
   size_t G1HeapRegionSize                         = 1048576                                   {product} {ergonomic}
    uintx GCDrainStackTargetSize                   = 64                                        {product} {ergonomic}
   size_t InitialHeapSize                          = 132120576                                 {product} {ergonomic}
   size_t MarkStackSize                            = 4194304                                   {product} {ergonomic}
   size_t MaxHeapSize                              = 2147483648                                {product} {command line}
   size_t MaxNewSize                               = 1287651328                                {product} {ergonomic}
   size_t MinHeapDeltaBytes                        = 1048576                                   {product} {ergonomic}
    uintx NonNMethodCodeHeapSize                   = 5836300                                {pd product} {ergonomic}
    uintx NonProfiledCodeHeapSize                  = 122910970                              {pd product} {ergonomic}
    uintx ProfiledCodeHeapSize                     = 122910970                              {pd product} {ergonomic}
    uintx ReservedCodeCacheSize                    = 251658240                              {pd product} {ergonomic}
     bool SegmentedCodeCache                       = true                                      {product} {ergonomic}
     bool UseCompressedClassPointers               = true                                 {lp64_product} {ergonomic}
     bool UseCompressedOops                        = true                                 {lp64_product} {ergonomic}
     bool UseG1GC                                  = true                                      {product} {ergonomic}
     bool UseLargePagesIndividualAllocation        = false                                  {pd product} {ergonomic}

Logging:
Log output configuration:
 #0: stdout all=warning uptime,level,tags
 #1: stderr all=off uptime,level,tags

Environment Variables:
JAVA_HOME=C:\Program Files\Java\jdk-11.0.14
PATH=C:\Program Files\Common Files\Oracle\Java\javapath;C:\Windows\system32;C:\Windows;C:\Windows\System32\Wbem;C:\Windows\System32\WindowsPowerShell\v1.0\;C:\Windows\System32\OpenSSH\;C:\Program Files\Intel\WiFi\bin\;C:\Program Files\Common Files\Intel\WirelessCommon\;C:\Program Files (x86)\NVIDIA Corporation\PhysX\Common;C:\Program Files\NVIDIA Corporation\NVIDIA NvDLISR;C:\WINDOWS\system32;C:\WINDOWS;C:\WINDOWS\System32\Wbem;C:\WINDOWS\System32\WindowsPowerShell\v1.0\;C:\WINDOWS\System32\OpenSSH\;C:\Program Files\Git\cmd;C:\Users\aizp\AppData\Local\Microsoft\WindowsApps;
USERNAME=aizp
OS=Windows_NT
PROCESSOR_IDENTIFIER=Intel64 Family 6 Model 142 Stepping 12, GenuineIntel



---------------  S Y S T E M  ---------------

OS: Windows 10 , 64 bit Build 19041 (10.0.19041.1566)
OS uptime: 0 days 2:20 hours

CPU:total 8 (initial active 8) (4 cores per cpu, 2 threads per core) family 6 model 142 stepping 12 microcode 0xde, cmov, cx8, fxsr, mmx, sse, sse2, sse3, ssse3, sse4.1, sse4.2, popcnt, avx, avx2, aes, clmul, erms, 3dnowpref, lzcnt, ht, tsc, tscinvbit, bmi1, bmi2, adx, fma

Memory: 4k page, system-wide physical 8037M (508M free)
TotalPageFile size 8037M (AvailPageFile size 40M)
current process WorkingSet (physical memory assigned to process): 609M, peak: 612M
current process commit charge ("private bytes"): 664M, peak: 717M

vm_info: OpenJDK 64-Bit Server VM (11.0.11+9-b60-7590822) for windows-amd64 JRE (11.0.11+9-b60-7590822), built on Jul 29 2021 21:43:44 by "builder" with MS VC++ 14.0 (VS2015)

END.
